2025-04-01 20:23:54 [INFO] [info_conf_reader.py:409] - No host frequency, or the frequency is invalid.
2025-04-01 20:23:54 [INFO] [ms_multi_process.py:61] - MemUsageAnalysis process data finished, execute time is 0.004 s
2025-04-01 20:23:54 [INFO] [ms_multi_process.py:61] - CpuUsageAnalysis process data finished, execute time is 0.005 s
2025-04-01 20:23:54 [INFO] [ms_multi_process.py:61] - DiskUsageAnalysis process data finished, execute time is 0.005 s
2025-04-01 20:23:54 [INFO] [ms_multi_process.py:61] - NetworkUsageAnalysis process data finished, execute time is 0.005 s
2025-04-01 20:23:54 [INFO] [ms_multi_process.py:61] - HostSyscallAnalysis process data finished, execute time is 0.005 s
2025-04-01 20:23:54 [INFO] [collection_engine.py:84] - Database process finished.
2025-04-01 20:23:54 [INFO] [collection_engine.py:85] - Analysis finished.
2025-04-01 20:23:55 [INFO] [ms_multi_process.py:61] - GeLogicStreamParser process data finished, execute time is 0.004 s
2025-04-01 20:23:55 [INFO] [ms_multi_process.py:61] - ParsingMemoryData process data finished, execute time is 0.004 s
2025-04-01 20:23:55 [INFO] [ms_multi_process.py:61] - ParsingCpuUsageData process data finished, execute time is 0.004 s
2025-04-01 20:23:55 [INFO] [ms_multi_process.py:61] - MsprofTxParser process data finished, execute time is 0.004 s
2025-04-01 20:23:55 [INFO] [ms_time_parser.py:104] - Start parsing sync data ...
2025-04-01 20:23:55 [INFO] [ms_time_parser.py:107] - Parsing sync data finished...
2025-04-01 20:23:55 [WARNING] [data_preparation_parser.py:92] - No data preparation data, data list is empty!
2025-04-01 20:23:55 [INFO] [data_preparation_parser.py:105] - Parsing data preparation has finished.
2025-04-01 20:23:55 [INFO] [ms_multi_process.py:61] - DataPreparationParser process data finished, execute time is 0.004 s
2025-04-01 20:23:55 [INFO] [ms_multi_process.py:61] - NpuOpMemParser process data finished, execute time is 0.004 s
2025-04-01 20:23:55 [INFO] [ms_multi_process.py:61] - Mc2CommInfoParser process data finished, execute time is 0.004 s
2025-04-01 20:23:55 [INFO] [ms_multi_process.py:61] - MsTimeParser process data finished, execute time is 0.016 s
2025-04-01 20:23:55 [INFO] [ms_multi_process.py:61] - HCCLOperatiorParser process data finished, execute time is 0.004 s
2025-04-01 20:23:55 [INFO] [cann_calculator.py:68] - start to analysis cann software callstack
2025-04-01 20:23:55 [INFO] [msprof_c_interface.py:30] - Data will be parsed by msprof_analysis.so!
2025-04-01 20:23:55 [INFO] [ms_multi_process.py:61] - CANNCalculator process data finished, execute time is 0.082 s
2025-04-01 20:23:55 [INFO] [ms_multi_process.py:61] - StaticOpMemParser process data finished, execute time is 0.004 s
2025-04-01 20:23:57 [INFO] [info_conf_reader.py:409] - No host frequency, or the frequency is invalid.
2025-04-01 20:23:57 [WARNING] [file_manager.py:87] - Data has been analyzed, path is /home/ma-user/work/ypy/Eye/EyeCase/output/PROF_000001_20250401202350221_JRAHHAQBPDLFIIDC/host, there are ['rts_track.db', 'api_event.db', 'time.db', 'ge_info.db', 'ge_hash.db', 'runtime.db'] in sqlite.
2025-04-01 20:23:57 [WARNING] [msprof_export.py:431] - File all_file.complete already exists. All data will be exported from db in sqlite. Path is /home/ma-user/work/ypy/Eye/EyeCase/output/PROF_000001_20250401202350221_JRAHHAQBPDLFIIDC/host 
2025-04-01 20:23:57 [INFO] [ms_multi_process.py:61] - NpuOpMemCalculator process data finished, execute time is 0.004 s
2025-04-01 20:23:58 [INFO] [info_conf_reader.py:409] - No host frequency, or the frequency is invalid.
2025-04-01 20:23:58 [WARNING] [file_manager.py:87] - Data has been analyzed, path is /home/ma-user/work/ypy/Eye/EyeCase/output/PROF_000001_20250401202350221_JRAHHAQBPDLFIIDC/host, there are ['rts_track.db', 'api_event.db', 'time.db', 'ge_info.db', 'ge_hash.db', 'runtime.db'] in sqlite.
2025-04-01 20:23:58 [WARNING] [msprof_export.py:431] - File all_file.complete already exists. All data will be exported from db in sqlite. Path is /home/ma-user/work/ypy/Eye/EyeCase/output/PROF_000001_20250401202350221_JRAHHAQBPDLFIIDC/host 
2025-04-01 20:23:58 [INFO] [ms_multi_process.py:61] - NpuOpMemCalculator process data finished, execute time is 0.005 s
