2025-04-01 20:23:55 [INFO] [collection_engine.py:84] - Database process finished.
2025-04-01 20:23:55 [INFO] [collection_engine.py:85] - Analysis finished.
2025-04-01 20:23:55 [INFO] [ms_multi_process.py:61] - L2CacheParser process data finished, execute time is 0.024 s
2025-04-01 20:23:55 [INFO] [ms_multi_process.py:61] - ParsingPeripheralData process data finished, execute time is 0.024 s
2025-04-01 20:23:55 [INFO] [ms_multi_process.py:61] - ParsingNicData process data finished, execute time is 0.025 s
2025-04-01 20:23:55 [INFO] [ms_multi_process.py:61] - ParsingRuntimeData process data finished, execute time is 0.005 s
2025-04-01 20:23:55 [INFO] [ms_multi_process.py:61] - ParsingRoceData process data finished, execute time is 0.005 s
2025-04-01 20:23:55 [INFO] [ms_multi_process.py:61] - ParsingTSData process data finished, execute time is 0.005 s
2025-04-01 20:23:55 [INFO] [ms_multi_process.py:61] - ParsingAICPUData process data finished, execute time is 0.005 s
2025-04-01 20:23:55 [INFO] [ms_multi_process.py:61] - ParsingCtrlCPUData process data finished, execute time is 0.004 s
2025-04-01 20:23:55 [INFO] [ms_multi_process.py:61] - ParsingMemoryData process data finished, execute time is 0.004 s
2025-04-01 20:23:55 [INFO] [ms_multi_process.py:61] - ParsingCpuUsageData process data finished, execute time is 0.004 s
2025-04-01 20:23:55 [INFO] [ms_multi_process.py:61] - ParsingPcieData process data finished, execute time is 0.005 s
2025-04-01 20:23:55 [INFO] [ms_multi_process.py:61] - ParsingHBMData process data finished, execute time is 0.004 s
2025-04-01 20:23:55 [INFO] [ms_multi_process.py:61] - ParsingQosData process data finished, execute time is 0.004 s
2025-04-01 20:23:55 [INFO] [ms_multi_process.py:61] - NonMiniLLCParser process data finished, execute time is 0.004 s
2025-04-01 20:23:55 [INFO] [ms_multi_process.py:61] - ParsingHCCSData process data finished, execute time is 0.004 s
2025-04-01 20:23:55 [INFO] [ms_multi_process.py:61] - ParsingFftsAICoreSampleData process data finished, execute time is 0.004 s
2025-04-01 20:23:55 [INFO] [ms_multi_process.py:61] - BiuPerfParser process data finished, execute time is 0.005 s
2025-04-01 20:23:55 [INFO] [ms_multi_process.py:61] - SocProfilerParser process data finished, execute time is 0.004 s
2025-04-01 20:23:55 [INFO] [ms_time_parser.py:104] - Start parsing sync data ...
2025-04-01 20:23:55 [WARNING] [data_preparation_parser.py:92] - No data preparation data, data list is empty!
2025-04-01 20:23:55 [INFO] [data_preparation_parser.py:105] - Parsing data preparation has finished.
2025-04-01 20:23:55 [INFO] [ms_multi_process.py:61] - DataPreparationParser process data finished, execute time is 0.005 s
2025-04-01 20:23:55 [INFO] [ms_time_parser.py:107] - Parsing sync data finished...
2025-04-01 20:23:55 [INFO] [ms_multi_process.py:61] - ParallelStrategyParser process data finished, execute time is 0.004 s
2025-04-01 20:23:55 [INFO] [ms_multi_process.py:61] - NpuMemParser process data finished, execute time is 0.004 s
2025-04-01 20:23:55 [INFO] [ms_multi_process.py:61] - NpuModuleMemParser process data finished, execute time is 0.004 s
2025-04-01 20:23:55 [INFO] [ms_multi_process.py:61] - AicpuAddInfoParser process data finished, execute time is 0.004 s
2025-04-01 20:23:55 [INFO] [ms_multi_process.py:61] - MsTimeParser process data finished, execute time is 0.022 s
2025-04-01 20:23:55 [INFO] [ts_track_parser.py:88] - start parsing rts data file: ts_track.data.0.slice_0
2025-04-01 20:23:55 [INFO] [ms_multi_process.py:61] - TstrackParser process data finished, execute time is 0.021 s
2025-04-01 20:23:55 [WARNING] [base_model.py:63] - Table step_trace_data not found.
2025-04-01 20:23:55 [INFO] [ms_multi_process.py:61] - AicpuBinDataParser process data finished, execute time is 0.005 s
2025-04-01 20:23:55 [INFO] [ms_multi_process.py:61] - HCCLOperatiorParser process data finished, execute time is 0.004 s
2025-04-01 20:23:55 [INFO] [ms_multi_process.py:61] - ParallelParser process data finished, execute time is 0.004 s
2025-04-01 20:23:55 [INFO] [msprof_c_interface.py:37] - Device Data will be parsed by msprof_analysis.so!
2025-04-01 20:23:57 [WARNING] [file_manager.py:87] - Data has been analyzed, path is /home/ma-user/work/ypy/Eye/EyeCase/output/PROF_000001_20250401202350221_JRAHHAQBPDLFIIDC/device_0, there are ['ascend_task.db', 'freq.db', 'step_trace.db', 'time.db', 'metric_summary.db'] in sqlite.
2025-04-01 20:23:57 [WARNING] [msprof_export.py:431] - File all_file.complete already exists. All data will be exported from db in sqlite. Path is /home/ma-user/work/ypy/Eye/EyeCase/output/PROF_000001_20250401202350221_JRAHHAQBPDLFIIDC/device_0 
2025-04-01 20:23:57 [WARNING] [base_model.py:63] - Table step_trace_data not found.
2025-04-01 20:23:57 [WARNING] [base_model.py:63] - Table step_trace_data not found.
2025-04-01 20:23:57 [INFO] [profiling_scene.py:70] - Current scene of data is based on single_op
2025-04-01 20:23:57 [INFO] [ms_multi_process.py:61] - L2CacheCalculator process data finished, execute time is 0.005 s
2025-04-01 20:23:57 [WARNING] [base_model.py:63] - Table TsBlockDim not found.
2025-04-01 20:23:57 [INFO] [ms_multi_process.py:61] - BlockDimCalculator process data finished, execute time is 0.007 s
2025-04-01 20:23:57 [INFO] [ms_multi_process.py:61] - MemcpyCalculator process data finished, execute time is 0.005 s
2025-04-01 20:23:57 [INFO] [ms_multi_process.py:61] - StarsIterRecCalculator process data finished, execute time is 0.004 s
2025-04-01 20:23:57 [WARNING] [biu_monitor_calculator.py:98] - Biu flow data or biu cycles data list is empty!
2025-04-01 20:23:57 [WARNING] [biu_monitor_calculator.py:98] - Biu flow data or biu cycles data list is empty!
2025-04-01 20:23:57 [INFO] [ms_multi_process.py:61] - BiuPerfCalculator process data finished, execute time is 0.007 s
2025-04-01 20:23:57 [INFO] [ms_multi_process.py:61] - KfcCalculator process data finished, execute time is 0.004 s
2025-04-01 20:23:57 [INFO] [ms_multi_process.py:61] - ParseAiCoreOpSummaryCalculator process data finished, execute time is 0.005 s
2025-04-01 20:23:57 [INFO] [ms_multi_process.py:61] - MergeOpCounterCalculator process data finished, execute time is 0.004 s
2025-04-01 20:23:57 [INFO] [ms_multi_process.py:61] - OpCounterOpSceneCalculator process data finished, execute time is 0.031 s
2025-04-01 20:23:57 [INFO] [ms_multi_process.py:61] - OpSummaryOpSceneCalculator process data finished, execute time is 0.056 s
2025-04-01 20:23:57 [INFO] [msprof_c_interface.py:51] - Data will be export by msprof_analysis.so!
2025-04-01 20:23:58 [WARNING] [file_manager.py:87] - Data has been analyzed, path is /home/ma-user/work/ypy/Eye/EyeCase/output/PROF_000001_20250401202350221_JRAHHAQBPDLFIIDC/device_0, there are ['ai_core_op_summary.db', 'op_counter.db', 'ascend_task.db', 'freq.db', 'biu_perf.db', 'step_trace.db', 'time.db', 'metric_summary.db'] in sqlite.
2025-04-01 20:23:58 [WARNING] [msprof_export.py:431] - File all_file.complete already exists. All data will be exported from db in sqlite. Path is /home/ma-user/work/ypy/Eye/EyeCase/output/PROF_000001_20250401202350221_JRAHHAQBPDLFIIDC/device_0 
2025-04-01 20:23:58 [WARNING] [base_model.py:63] - Table step_trace_data not found.
2025-04-01 20:23:58 [WARNING] [base_model.py:63] - Table step_trace_data not found.
2025-04-01 20:23:58 [INFO] [profiling_scene.py:70] - Current scene of data is based on single_op
2025-04-01 20:23:58 [INFO] [ms_multi_process.py:61] - L2CacheCalculator process data finished, execute time is 0.005 s
2025-04-01 20:23:58 [INFO] [ms_multi_process.py:61] - MemcpyCalculator process data finished, execute time is 0.006 s
2025-04-01 20:23:58 [INFO] [ms_multi_process.py:61] - StarsIterRecCalculator process data finished, execute time is 0.004 s
2025-04-01 20:23:58 [WARNING] [base_model.py:63] - Table TsBlockDim not found.
2025-04-01 20:23:58 [INFO] [ms_multi_process.py:61] - BlockDimCalculator process data finished, execute time is 0.009 s
2025-04-01 20:23:58 [WARNING] [biu_monitor_calculator.py:98] - Biu flow data or biu cycles data list is empty!
2025-04-01 20:23:58 [WARNING] [biu_monitor_calculator.py:98] - Biu flow data or biu cycles data list is empty!
2025-04-01 20:23:58 [INFO] [ms_multi_process.py:61] - BiuPerfCalculator process data finished, execute time is 0.007 s
2025-04-01 20:23:58 [INFO] [ms_multi_process.py:61] - KfcCalculator process data finished, execute time is 0.004 s
2025-04-01 20:23:58 [INFO] [ms_multi_process.py:61] - ParseAiCoreOpSummaryCalculator process data finished, execute time is 0.004 s
2025-04-01 20:23:58 [INFO] [op_summary_op_scene_calculator.py:67] - The db ai_core_op_summary.db already exists, and won't create again.
2025-04-01 20:23:58 [INFO] [ms_multi_process.py:61] - OpSummaryOpSceneCalculator process data finished, execute time is 0.004 s
2025-04-01 20:23:58 [INFO] [ms_multi_process.py:61] - MergeOpCounterCalculator process data finished, execute time is 0.004 s
2025-04-01 20:23:58 [INFO] [ms_multi_process.py:61] - OpCounterOpSceneCalculator process data finished, execute time is 0.004 s
2025-04-01 20:23:58 [INFO] [msprof_c_interface.py:58] - Op Summary will be export by msprof_analysis.so!
2025-04-01 20:23:58 [WARNING] [base_model.py:63] - Table step_trace_data not found.
2025-04-01 20:23:58 [WARNING] [base_model.py:63] - Table step_trace_data not found.
2025-04-01 20:23:58 [INFO] [profiling_scene.py:70] - Current scene of data is based on single_op
