2025-04-01 20:23:55 [INFO] [191785] [191785] [time_logger.h:28] DeviceContextEntry  start
2025-04-01 20:23:55 [INFO] [191785] [191791] [parser.cpp:51] loop: /home/ma-user/work/ypy/Eye/EyeCase/output/PROF_000001_20250401202350221_JRAHHAQBPDLFIIDC/device_0/data/ffts_profile.data.0.slice_0, file size: 128
2025-04-01 20:23:55 [INFO] [191785] [191792] [parser.cpp:51] loop: /home/ma-user/work/ypy/Eye/EyeCase/output/PROF_000001_20250401202350221_JRAHHAQBPDLFIIDC/device_0/data/lpmFreqConv.data.0.slice_0, file size: 888
2025-04-01 20:23:55 [INFO] [191785] [191788] [parser.cpp:51] loop: /home/ma-user/work/ypy/Eye/EyeCase/output/PROF_000001_20250401202350221_JRAHHAQBPDLFIIDC/device_0/data/stars_soc.data.0.slice_0, file size: 768
2025-04-01 20:23:55 [INFO] [191785] [191792] [parser.cpp:54] total size: 888
2025-04-01 20:23:55 [INFO] [191785] [191791] [parser.cpp:54] total size: 128
2025-04-01 20:23:55 [INFO] [191785] [191790] [parser.cpp:51] loop: /home/ma-user/work/ypy/Eye/EyeCase/output/PROF_000001_20250401202350221_JRAHHAQBPDLFIIDC/device_0/data/ts_track.data.0.slice_0, file size: 80
2025-04-01 20:23:55 [INFO] [191785] [191788] [parser.cpp:54] total size: 768
2025-04-01 20:23:55 [INFO] [191785] [191791] [parser.cpp:159] Parse filePrefix is: ffts_profile, the number of files is: 1, and the total size of all files is: 128
2025-04-01 20:23:55 [INFO] [191785] [191792] [parser.cpp:159] Parse filePrefix is: lpmFreqConv., the number of files is: 1, and the total size of all files is: 888
2025-04-01 20:23:55 [INFO] [191785] [191790] [parser.cpp:54] total size: 80
2025-04-01 20:23:55 [INFO] [191785] [191788] [parser.cpp:159] Parse filePrefix is: stars_soc., the number of files is: 1, and the total size of all files is: 768
2025-04-01 20:23:55 [INFO] [191785] [191790] [parser.cpp:159] Parse filePrefix is: ts_track., the number of files is: 1, and the total size of all files is: 80
2025-04-01 20:23:55 [INFO] [191785] [191791] [parser.cpp:87] Data has been read to the memory successfully!
2025-04-01 20:23:55 [INFO] [191785] [191792] [parser.cpp:87] Data has been read to the memory successfully!
2025-04-01 20:23:55 [INFO] [191785] [191791] [ffts_profile_parser.cpp:75] FftsProfileData structCount is : 1
2025-04-01 20:23:55 [INFO] [191785] [191792] [freq_parser.cpp:68] FreqProfileData structCount is : 1
2025-04-01 20:23:55 [INFO] [191785] [191790] [parser.cpp:87] Data has been read to the memory successfully!
2025-04-01 20:23:55 [INFO] [191785] [191788] [parser.cpp:87] Data has been read to the memory successfully!
2025-04-01 20:23:55 [INFO] [191785] [191790] [ts_track_parser.cpp:65] TsTrack structCount: 2
2025-04-01 20:23:55 [INFO] [191785] [191792] [freq_parser.cpp:96] Freq.data parser is completed, begin to save data into dataInventory!
2025-04-01 20:23:55 [INFO] [191785] [191791] [ffts_profile_parser.cpp:89] Ffts_profile.data parser is completed, begin to save data into dataInventory!
2025-04-01 20:23:55 [INFO] [191785] [191790] [parser.cpp:177] Parser is completed!
2025-04-01 20:23:55 [INFO] [191785] [191788] [stars_soc_parser.cpp:74] StarsSoc structCount: 12
2025-04-01 20:23:55 [INFO] [191785] [191792] [parser.cpp:177] Parser is completed!
2025-04-01 20:23:55 [INFO] [191785] [191791] [parser.cpp:177] Parser is completed!
2025-04-01 20:23:55 [INFO] [191785] [191788] [parser.cpp:177] Parser is completed!
2025-04-01 20:23:55 [INFO] [191785] [191787] [process_control.cpp:191] Level[0]Release Data Types: 
2025-04-01 20:23:55 [INFO] [191785] [191796] [pmu_modeling.cpp:48] PMU modeling has done!
2025-04-01 20:23:55 [INFO] [191785] [191794] [freq_persistence.cpp:47] Start to process /home/ma-user/work/ypy/Eye/EyeCase/output/PROF_000001_20250401202350221_JRAHHAQBPDLFIIDC/device_0/sqlite/freq.db.
2025-04-01 20:23:55 [INFO] [191785] [191795] [acc_pmu_persistence.cpp:57] Start to process /home/ma-user/work/ypy/Eye/EyeCase/output/PROF_000001_20250401202350221_JRAHHAQBPDLFIIDC/device_0/sqlite/acc_pmu.db.
2025-04-01 20:23:55 [INFO] [191785] [191793] [step_trace_process.cpp:186] Start to process step trace data
2025-04-01 20:23:55 [INFO] [191785] [191795] [acc_pmu_persistence.cpp:61] There is no acc pmu data don't need to persistence!
2025-04-01 20:23:55 [INFO] [191785] [191794] [persistence_utils.h:39] Processor Save FreqParse Data.
2025-04-01 20:23:55 [INFO] [191785] [191796] [time_logger.h:28] LogModeling::SplitLogGroups  start
2025-04-01 20:23:55 [WARN] [191785] [191793] [step_trace_process.cpp:189] stepData is empty
2025-04-01 20:23:55 [INFO] [191785] [191794] [db_runner.cpp:47] Start create FreqParse
2025-04-01 20:23:55 [INFO] [191785] [191796] [time_logger.h:35] LogModeling::SplitLogGroups  end, cost time = 0 ms
2025-04-01 20:23:55 [INFO] [191785] [191796] [log_modeling.cpp:152] HalLogData size:12
2025-04-01 20:23:55 [INFO] [191785] [191796] [log_modeling.cpp:153] acsqS stream:2, total:6
2025-04-01 20:23:55 [INFO] [191785] [191796] [log_modeling.cpp:154] acsqE stream:2, total:6
2025-04-01 20:23:55 [INFO] [191785] [191796] [log_modeling.cpp:155] fftsS stream:0, total:0
2025-04-01 20:23:55 [INFO] [191785] [191796] [log_modeling.cpp:156] fftsE stream:0, total:0
2025-04-01 20:23:55 [INFO] [191785] [191796] [time_logger.h:28] LogModeling::AddToDeviceTask  start
2025-04-01 20:23:55 [INFO] [191785] [191796] [log_modeling.cpp:224] ACSQ matched count:6
2025-04-01 20:23:55 [INFO] [191785] [191796] [log_modeling.cpp:234] FFTS matched count:0
2025-04-01 20:23:55 [INFO] [191785] [191796] [time_logger.h:35] LogModeling::AddToDeviceTask  end, cost time = 0 ms
2025-04-01 20:23:55 [INFO] [191785] [191794] [db_runner.cpp:56] create FreqParse success
2025-04-01 20:23:55 [INFO] [191785] [191794] [db_runner.h:58] Start insert data to FreqParse
2025-04-01 20:23:55 [INFO] [191785] [191794] [db_runner.h:65] insert data to FreqParse success
2025-04-01 20:23:55 [INFO] [191785] [191794] [freq_persistence.cpp:56] Process FreqParse done!
2025-04-01 20:23:55 [INFO] [191785] [191787] [process_control.cpp:191] Level[1]Release Data Types: St6vectorIN8Analysis6Domain10HalLogDataESaIS2_EE St6vectorIN8Analysis6Domain12HalTrackDataESaIS2_EE 
2025-04-01 20:23:55 [INFO] [191785] [191798] [db_runner.h:72] Start query data
2025-04-01 20:23:55 [INFO] [191785] [191798] [db_runner.h:79] Query data success: SELECT stream_id, request_id, batch_id, task_id, context_ids, model_id, task_type, connection_id FROM HostTask where device_id = 0
2025-04-01 20:23:55 [INFO] [191785] [191798] [db_runner.h:72] Start query data
2025-04-01 20:23:55 [INFO] [191785] [191798] [db_runner.h:79] Query data success: SELECT stream_id, batch_id, task_id, context_id, block_dim, mix_block_dim FROM TaskInfo where device_id = 0
2025-04-01 20:23:55 [INFO] [191785] [191798] [load_host_data.cpp:103] Read host geinfo 0 not in table.
2025-04-01 20:23:55 [WARN] [191785] [191798] [load_host_data.cpp:54] There is no /home/ma-user/work/ypy/Eye/EyeCase/output/PROF_000001_20250401202350221_JRAHHAQBPDLFIIDC/device_0/..///host//sqlite/hccl.db
2025-04-01 20:23:55 [WARN] [191785] [191798] [load_host_data.cpp:54] There is no /home/ma-user/work/ypy/Eye/EyeCase/output/PROF_000001_20250401202350221_JRAHHAQBPDLFIIDC/device_0/..///host//sqlite/hccl.db
2025-04-01 20:23:55 [INFO] [191785] [191787] [process_control.cpp:191] Level[2]Release Data Types: 
2025-04-01 20:23:55 [INFO] [191785] [191799] [pmu_association.cpp:39] context pmu count is : 1
2025-04-01 20:23:55 [INFO] [191785] [191799] [pmu_association.cpp:40] block pmu count is : 0
2025-04-01 20:23:55 [INFO] [191785] [191799] [pmu_association.cpp:237] The acceleratorType of PMU is MIX
2025-04-01 20:23:55 [INFO] [191785] [191800] [ascend_task_association.cpp:185] Found 6 host device matched task, generate 6 topDownTask
2025-04-01 20:23:55 [INFO] [191785] [191799] [pmu_association.cpp:179] Context PMU has been calculated!
2025-04-01 20:23:55 [INFO] [191785] [191787] [process_control.cpp:191] Level[3]Release Data Types: St3mapIN8Analysis6Domain6TaskIdESt6vectorINS0_8Entities8HostTaskESaIS5_EESt4lessIS2_ESaISt4pairIKS2_S7_EEE St6vectorIN8Analysis6Domain10HalPmuDataESaIS2_EE St6vectorIN8Analysis6Domain14HalFreqLpmDataESaIS2_EE 
2025-04-01 20:23:55 [INFO] [191785] [191801] [hccl_calculator.cpp:51] Start Hccl calculator ProcessEntry.
2025-04-01 20:23:55 [INFO] [191785] [191801] [hccl_calculator.cpp:71] Start Hccl calculator GetHcclData.
2025-04-01 20:23:55 [INFO] [191785] [191801] [hccl_calculator.cpp:100] Start merge hccl task and ascend task.
2025-04-01 20:23:55 [INFO] [191785] [191802] [metric_summary_persistence.cpp:273] Start to process /home/ma-user/work/ypy/Eye/EyeCase/output/PROF_000001_20250401202350221_JRAHHAQBPDLFIIDC/device_0/sqlite/metric_summary.db.
2025-04-01 20:23:55 [INFO] [191785] [191801] [hccl_calculator.cpp:164] Start merge hccl op data.
2025-04-01 20:23:55 [INFO] [191785] [191802] [db_runner.cpp:47] Start create MetricSummary
2025-04-01 20:23:55 [INFO] [191785] [191801] [hccl_calculator.cpp:241] Start UpdateHcclOpNameByGroupName.
2025-04-01 20:23:55 [INFO] [191785] [191801] [hccl_calculator.cpp:267] Start UpdateHcclBandwidth.
2025-04-01 20:23:55 [INFO] [191785] [191801] [hccl_calculator.cpp:343] Start GetHcclStatisticsData.
2025-04-01 20:23:55 [WARN] [191785] [191801] [hccl_calculator.cpp:345] No op type in hccl data.
2025-04-01 20:23:55 [INFO] [191785] [191801] [hccl_calculator.cpp:397] Start inject hccl data.
2025-04-01 20:23:55 [INFO] [191785] [191802] [db_runner.cpp:56] create MetricSummary success
2025-04-01 20:23:55 [INFO] [191785] [191802] [metric_summary_persistence.cpp:281] Process MetricSummary done!
2025-04-01 20:23:55 [INFO] [191785] [191787] [process_control.cpp:191] Level[4]Release Data Types: St3mapIN8Analysis6Domain6TaskIdESt6vectorINS1_10DeviceTaskESaIS4_EESt4lessIS2_ESaISt4pairIKS2_S6_EEE St6vectorIN8Analysis6Domain8HcclTaskESaIS2_EE 
2025-04-01 20:23:55 [INFO] [191785] [191804] [device_hccl_persistence.cpp:129] Start to dump device hccl data.
2025-04-01 20:23:55 [INFO] [191785] [191803] [ascend_task_persistence.cpp:72] Start to process /home/ma-user/work/ypy/Eye/EyeCase/output/PROF_000001_20250401202350221_JRAHHAQBPDLFIIDC/device_0/sqlite/ascend_task.db.
2025-04-01 20:23:55 [WARN] [191785] [191804] [device_hccl_persistence.cpp:48] Hccl op data is empty.
2025-04-01 20:23:55 [INFO] [191785] [191803] [persistence_utils.h:39] Processor Save AscendTask Data.
2025-04-01 20:23:55 [WARN] [191785] [191804] [device_hccl_persistence.cpp:76] Hccl task data is empty.
2025-04-01 20:23:55 [INFO] [191785] [191803] [db_runner.cpp:47] Start create AscendTask
2025-04-01 20:23:55 [WARN] [191785] [191804] [device_hccl_persistence.cpp:108] Hccl statistics data is empty.
2025-04-01 20:23:55 [INFO] [191785] [191803] [db_runner.cpp:56] create AscendTask success
2025-04-01 20:23:55 [INFO] [191785] [191803] [db_runner.h:58] Start insert data to AscendTask
2025-04-01 20:23:55 [INFO] [191785] [191803] [db_runner.h:65] insert data to AscendTask success
2025-04-01 20:23:55 [INFO] [191785] [191803] [ascend_task_persistence.cpp:81] Process AscendTask done!
2025-04-01 20:23:55 [INFO] [191785] [191787] [process_control.cpp:191] Level[5]Release Data Types: St6vectorI11TopDownTaskSaIS0_EE St6vectorIN8Analysis6Domain14DeviceHcclTaskESaIS2_EE St6vectorIN8Analysis6Domain14HcclStatisticsESaIS2_EE St6vectorIN8Analysis6Domain6HcclOpESaIS2_EE 
2025-04-01 20:23:55 [INFO] [191785] [191785] [device_context.cpp:134] stat info: ===============================================================================
deivce file in /home/ma-user/work/ypy/Eye/EyeCase/output/PROF_000001_20250401202350221_JRAHHAQBPDLFIIDC/device_0
chip id: 5, process levels:6
-------------------------------------------------------------------------------
level[0] generalResult:true, process num:5
	process0[DeviceTaskProcess]:return: 0x0, mandatory:true
		dependProcessNames: 
		startTime:17890055151941 us, duration: 52 us
	process1[StarsSocParser]:return: 0x0, mandatory:true
		dependProcessNames: 
		startTime:17890055151959 us, duration: 547 us
	process2[TsTrackParser]:return: 0x0, mandatory:true
		dependProcessNames: 
		startTime:17890055151988 us, duration: 460 us
	process3[FreqParser]:return: 0x0, mandatory:true
		dependProcessNames: 
		startTime:17890055151995 us, duration: 477 us
	process4[FftsProfileParser]:return: 0x0, mandatory:true
		dependProcessNames: 
		startTime:17890055152038 us, duration: 441 us
-------------------------------------------------------------------------------
level[1] generalResult:true, process num:5
	process0[AccPmuPersistence]:return: 0x0, mandatory:true
		dependProcessNames: StarsSocParser, 
		startTime:17890055152818 us, duration: 196 us
	process1[FreqPersistence]:return: 0x0, mandatory:true
		dependProcessNames: FreqParser, 
		startTime:17890055152823 us, duration: 1452 us
	process2[PmuModeling]:return: 0x0, mandatory:true
		dependProcessNames: FftsProfileParser, TsTrackParser, 
		startTime:17890055152826 us, duration: 102 us
	process3[StepTraceProcess]:return: 0x0, mandatory:false
		dependProcessNames: TsTrackParser, 
		startTime:17890055152876 us, duration: 167 us
	process4[Domain::LogModeling]:return: 0x0, mandatory:true
		dependProcessNames: StarsSocParser, TsTrackParser, 
		startTime:17890055152934 us, duration: 288 us
-------------------------------------------------------------------------------
level[2] generalResult:true, process num:1
	process0[LoadHostData]:return: 0x0, mandatory:false
		dependProcessNames: Domain::LogModeling, 
		startTime:17890055154429 us, duration: 1368 us
-------------------------------------------------------------------------------
level[3] generalResult:true, process num:2
	process0[PmuAssociation]:return: 0x0, mandatory:true
		dependProcessNames: LoadHostData, PmuModeling, 
		startTime:17890055155986 us, duration: 213 us
	process1[AscendTaskAssociation]:return: 0x0, mandatory:true
		dependProcessNames: LoadHostData, 
		startTime:17890055155995 us, duration: 202 us
-------------------------------------------------------------------------------
level[4] generalResult:true, process num:2
	process0[HcclCalculator]:return: 0x0, mandatory:true
		dependProcessNames: AscendTaskAssociation, LoadHostData, 
		startTime:17890055156361 us, duration: 192 us
	process1[MetricSummaryPersistence]:return: 0x0, mandatory:true
		dependProcessNames: PmuAssociation, 
		startTime:17890055156369 us, duration: 1077 us
-------------------------------------------------------------------------------
level[5] generalResult:true, process num:2
	process0[DeviceHcclPersistence]:return: 0x0, mandatory:true
		dependProcessNames: HcclCalculator, 
		startTime:17890055157622 us, duration: 138 us
	process1[AscendTaskPersistence]:return: 0x0, mandatory:true
		dependProcessNames: HcclCalculator, 
		startTime:17890055157631 us, duration: 1115 us


2025-04-01 20:23:55 [INFO] [191785] [191785] [time_logger.h:35] DeviceContextEntry  end, cost time = 8 ms
