2025-04-01 20:23:55 [INFO] [191707] [191707] [kernel_parser_worker.cpp:44] Start run KernelParserWorker
2025-04-01 20:23:55 [INFO] [191707] [191710] [kernel_parser_worker.cpp:56] Start parse hash data
2025-04-01 20:23:55 [INFO] [191707] [191709] [kernel_parser_worker.cpp:60] Start parse type info data
2025-04-01 20:23:55 [INFO] [191707] [191710] [kernel_parser_worker.cpp:76] Hash data load from path: /home/ma-user/work/ypy/Eye/EyeCase/output/PROF_000001_20250401202350221_JRAHHAQBPDLFIIDC/host/data
2025-04-01 20:23:55 [INFO] [191707] [191709] [kernel_parser_worker.cpp:97] Typeinfo data load from path: /home/ma-user/work/ypy/Eye/EyeCase/output/PROF_000001_20250401202350221_JRAHHAQBPDLFIIDC/host/data
2025-04-01 20:23:55 [INFO] [191707] [191710] [kernel_parser_worker.cpp:79] success get hash data
2025-04-01 20:23:55 [INFO] [191707] [191710] [kernel_parser_worker.cpp:86] success get hashDbDumper
2025-04-01 20:23:55 [INFO] [191707] [191710] [db_runner.cpp:47] Start create GeHashInfo
2025-04-01 20:23:55 [INFO] [191707] [191709] [db_runner.cpp:47] Start create TypeHashInfo
2025-04-01 20:23:55 [INFO] [191707] [191710] [db_runner.cpp:56] create GeHashInfo success
2025-04-01 20:23:55 [INFO] [191707] [191710] [db_runner.h:58] Start insert data to GeHashInfo
2025-04-01 20:23:55 [INFO] [191707] [191710] [db_runner.h:65] insert data to GeHashInfo success
2025-04-01 20:23:55 [INFO] [191707] [191710] [base_dumper.h:53] Dump GeHashInfo data success
2025-04-01 20:23:55 [INFO] [191707] [191709] [db_runner.cpp:56] create TypeHashInfo success
2025-04-01 20:23:55 [INFO] [191707] [191709] [db_runner.h:58] Start insert data to TypeHashInfo
2025-04-01 20:23:55 [INFO] [191707] [191709] [db_runner.h:65] insert data to TypeHashInfo success
2025-04-01 20:23:55 [INFO] [191707] [191709] [base_dumper.h:53] Dump TypeHashInfo data success
2025-04-01 20:23:55 [INFO] [191707] [191707] [time_logger.h:28] HostTraceWorker start
2025-04-01 20:23:55 [INFO] [191707] [191707] [time_logger.h:28] Group all events start
2025-04-01 20:23:55 [INFO] [191707] [191718] [time_logger.h:28] Group FusionOpInfo start
2025-04-01 20:23:55 [INFO] [191707] [191711] [time_logger.h:28] Group GraphIdMap start
2025-04-01 20:23:55 [INFO] [191707] [191712] [time_logger.h:28] Group Kernel start
2025-04-01 20:23:55 [INFO] [191707] [191715] [time_logger.h:28] Group NodeBasicInfo start
2025-04-01 20:23:55 [INFO] [191707] [191714] [time_logger.h:28] Group NodeAttrInfo start
2025-04-01 20:23:55 [INFO] [191707] [191716] [time_logger.h:28] Group TensorInfo start
2025-04-01 20:23:55 [INFO] [191707] [191717] [time_logger.h:28] Group ContextId start
2025-04-01 20:23:55 [INFO] [191707] [191711] [time_logger.h:35] Group GraphIdMap end, cost time = 0 ms
2025-04-01 20:23:55 [INFO] [191707] [191718] [time_logger.h:35] Group FusionOpInfo end, cost time = 0 ms
2025-04-01 20:23:55 [INFO] [191707] [191713] [time_logger.h:28] Group HcclInfo start
2025-04-01 20:23:55 [INFO] [191707] [191714] [time_logger.h:35] Group NodeAttrInfo end, cost time = 0 ms
2025-04-01 20:23:55 [INFO] [191707] [191715] [time_logger.h:35] Group NodeBasicInfo end, cost time = 0 ms
2025-04-01 20:23:55 [INFO] [191707] [191711] [time_logger.h:28] Group TaskTrack start
2025-04-01 20:23:55 [INFO] [191707] [191718] [time_logger.h:28] Group HcclOpInfo start
2025-04-01 20:23:55 [WARN] [191707] [191712] [event_grouper.cpp:159] Redundant api, level: 20000, time: [0, 17889966492926530], last valid api time: [0, 0], threadId = 191480
2025-04-01 20:23:55 [INFO] [191707] [191713] [time_logger.h:35] Group HcclInfo end, cost time = 0 ms
2025-04-01 20:23:55 [INFO] [191707] [191717] [time_logger.h:35] Group ContextId end, cost time = 0 ms
2025-04-01 20:23:55 [WARN] [191707] [191712] [event_grouper.cpp:159] Redundant api, level: 20000, time: [17889966493004500, 17889966493198370], last valid api time: [17889966493004160, 17889966493199010], threadId = 191480
2025-04-01 20:23:55 [INFO] [191707] [191718] [time_logger.h:35] Group HcclOpInfo end, cost time = 0 ms
2025-04-01 20:23:55 [WARN] [191707] [191712] [event_grouper.cpp:159] Redundant api, level: 20000, time: [17889966946150980, 17889966946205000], last valid api time: [17889966732852080, 17889966946213360], threadId = 191480
2025-04-01 20:23:55 [INFO] [191707] [191716] [time_logger.h:35] Group TensorInfo end, cost time = 0 ms
2025-04-01 20:23:55 [WARN] [191707] [191712] [event_grouper.cpp:159] Redundant api, level: 20000, time: [0, 17889966492926530], last valid api time: [0, 0], threadId = 191480
2025-04-01 20:23:55 [WARN] [191707] [191712] [event_grouper.cpp:159] Redundant api, level: 20000, time: [17889966493004500, 17889966493198370], last valid api time: [17889966493004160, 17889966493199010], threadId = 191480
2025-04-01 20:23:55 [WARN] [191707] [191712] [event_grouper.cpp:159] Redundant api, level: 20000, time: [17889966946150980, 17889966946205000], last valid api time: [17889966732852080, 17889966946213360], threadId = 191480
2025-04-01 20:23:55 [INFO] [191707] [191712] [time_logger.h:35] Group Kernel end, cost time = 0 ms
2025-04-01 20:23:55 [INFO] [191707] [191711] [time_logger.h:35] Group TaskTrack end, cost time = 0 ms
2025-04-01 20:23:55 [INFO] [191707] [191707] [event_grouper.cpp:122] After group events, Kernel: 16, GraphId: 0, FusionOp: 0, NodeBasic: 1, NodeAttr: 0, Tensor: 1, ContextId: 0, HcclInfo: 0, TaskTrack: 6, HcclOpInfo: 0, thread: 191480
2025-04-01 20:23:55 [INFO] [191707] [191707] [time_logger.h:35] Group all events end, cost time = 1 ms
2025-04-01 20:23:55 [INFO] [191707] [191720] [time_logger.h:28] Dump api data start start
2025-04-01 20:23:55 [INFO] [191707] [191721] [time_logger.h:28] Dump flip tasks data start start
2025-04-01 20:23:55 [INFO] [191707] [191728] [time_logger.h:28] Dump model name data start start
2025-04-01 20:23:55 [INFO] [191707] [191719] [time_logger.h:28] Multi thread build tree start
2025-04-01 20:23:55 [INFO] [191707] [191720] [db_runner.cpp:47] Start create ApiData
2025-04-01 20:23:55 [INFO] [191707] [191721] [db_runner.cpp:47] Start create HostTaskFlip
2025-04-01 20:23:55 [WARN] [191707] [191728] [base_dumper.h:39] Input data is empty, pass dump
2025-04-01 20:23:55 [INFO] [191707] [191728] [time_logger.h:35] Dump model name data start end, cost time = 0 ms
2025-04-01 20:23:55 [INFO] [191707] [191721] [db_runner.cpp:56] create HostTaskFlip success
2025-04-01 20:23:55 [INFO] [191707] [191720] [db_runner.cpp:56] create ApiData success
2025-04-01 20:23:55 [INFO] [191707] [191721] [db_runner.h:58] Start insert data to HostTaskFlip
2025-04-01 20:23:55 [WARN] [191707] [191720] [api_event_db_dumper.cpp:68] struct_type: ACL_RTS, item_id: 0, id: aclrtSetDevice begin time is 0, it will be filtered out
2025-04-01 20:23:55 [INFO] [191707] [191720] [db_runner.h:58] Start insert data to ApiData
2025-04-01 20:23:55 [INFO] [191707] [191729] [host_trace_worker.cpp:69] Start multi thread build tree, threadId = 191480
2025-04-01 20:23:55 [INFO] [191707] [191729] [event_queue.cpp:70] EventQueue for thread 191480 is empty
2025-04-01 20:23:55 [INFO] [191707] [191721] [db_runner.h:65] insert data to HostTaskFlip success
2025-04-01 20:23:55 [INFO] [191707] [191729] [event_queue.cpp:70] EventQueue for thread 191480 is empty
2025-04-01 20:23:55 [INFO] [191707] [191721] [base_dumper.h:53] Dump HostTaskFlip data success
2025-04-01 20:23:55 [INFO] [191707] [191721] [time_logger.h:35] Dump flip tasks data start end, cost time = 1 ms
2025-04-01 20:23:55 [INFO] [191707] [191720] [db_runner.h:65] insert data to ApiData success
2025-04-01 20:23:55 [INFO] [191707] [191720] [base_dumper.h:53] Dump ApiData data success
2025-04-01 20:23:55 [INFO] [191707] [191720] [time_logger.h:35] Dump api data start end, cost time = 1 ms
2025-04-01 20:23:55 [WARN] [191707] [191739] [tree_builder.cpp:190] No Events, event type: 8, threadId = 191480
2025-04-01 20:23:55 [WARN] [191707] [191741] [tree_builder.cpp:190] No Events, event type: 6, threadId = 191480
2025-04-01 20:23:55 [INFO] [191707] [191740] [tree_builder.cpp:232] Add LevelEvents done, threadId = 191480, event type: 2, matchCnt = 1, mismatchCnt = 0 
2025-04-01 20:23:55 [WARN] [191707] [191741] [tree_builder.cpp:190] No Events, event type: 5, threadId = 191480
2025-04-01 20:23:55 [WARN] [191707] [191740] [tree_builder.cpp:190] No Events, event type: 3, threadId = 191480
2025-04-01 20:23:55 [INFO] [191707] [191740] [tree_builder.cpp:232] Add LevelEvents done, threadId = 191480, event type: 4, matchCnt = 1, mismatchCnt = 0 
2025-04-01 20:23:55 [WARN] [191707] [191740] [tree_builder.cpp:190] No Events, event type: 6, threadId = 191480
2025-04-01 20:23:55 [WARN] [191707] [191740] [tree_builder.cpp:190] No Events, event type: 10, threadId = 191480
2025-04-01 20:23:55 [INFO] [191707] [191729] [tree_builder.cpp:71] Build Tree End, ThreadId = 191480
2025-04-01 20:23:55 [INFO] [191707] [191729] [host_trace_worker.cpp:79] Multi thread build tree done, threadId = 191480
2025-04-01 20:23:55 [INFO] [191707] [191719] [time_logger.h:35] Multi thread build tree end, cost time = 2 ms
2025-04-01 20:23:55 [INFO] [191707] [191719] [time_logger.h:28] Multi thread analyze tree and dump data start
2025-04-01 20:23:55 [INFO] [191707] [191742] [host_trace_worker.cpp:95] Start analyze tree and dump data, threadId = 191480
2025-04-01 20:23:55 [INFO] [191707] [191742] [time_logger.h:28] Dump CANN data start
2025-04-01 20:23:55 [INFO] [191707] [191752] [cann_trace_db_dumper.cpp:130] Empty hccl OPs
2025-04-01 20:23:55 [INFO] [191707] [191753] [time_logger.h:28] Dump host tasks start
2025-04-01 20:23:55 [INFO] [191707] [191754] [cann_trace_db_dumper.cpp:384] Empty geFusionOps
2025-04-01 20:23:55 [INFO] [191707] [191755] [time_logger.h:28] DumpOpDesc Start start
2025-04-01 20:23:55 [INFO] [191707] [191752] [cann_trace_db_dumper.cpp:332] Empty hccl tasks
2025-04-01 20:23:55 [INFO] [191707] [191753] [db_runner.cpp:47] Start create HostTask
2025-04-01 20:23:55 [INFO] [191707] [191755] [db_runner.cpp:47] Start create TaskInfo
2025-04-01 20:23:55 [INFO] [191707] [191753] [db_runner.cpp:56] create HostTask success
2025-04-01 20:23:55 [INFO] [191707] [191755] [db_runner.cpp:56] create TaskInfo success
2025-04-01 20:23:55 [INFO] [191707] [191753] [db_runner.h:58] Start insert data to HostTask
2025-04-01 20:23:55 [INFO] [191707] [191755] [db_runner.h:58] Start insert data to TaskInfo
2025-04-01 20:23:55 [INFO] [191707] [191753] [db_runner.h:65] insert data to HostTask success
2025-04-01 20:23:55 [INFO] [191707] [191755] [db_runner.h:65] insert data to TaskInfo success
2025-04-01 20:23:55 [INFO] [191707] [191753] [time_logger.h:35] Dump host tasks end, cost time = 1 ms
2025-04-01 20:23:55 [INFO] [191707] [191755] [time_logger.h:35] DumpOpDesc Start end, cost time = 1 ms
2025-04-01 20:23:55 [INFO] [191707] [191742] [time_logger.h:35] Dump CANN data end, cost time = 1 ms
2025-04-01 20:23:55 [INFO] [191707] [191742] [host_trace_worker.cpp:103] Dump cann trace data done, threadId = 191480
2025-04-01 20:23:55 [INFO] [191707] [191719] [time_logger.h:35] Multi thread analyze tree and dump data end, cost time = 2 ms
2025-04-01 20:23:55 [INFO] [191707] [191707] [time_logger.h:28] Dump memcpy info data start start
2025-04-01 20:23:55 [WARN] [191707] [191707] [base_dumper.h:39] Input data is empty, pass dump
2025-04-01 20:23:55 [INFO] [191707] [191707] [time_logger.h:35] Dump memcpy info data start end, cost time = 0 ms
2025-04-01 20:23:55 [INFO] [191707] [191707] [time_logger.h:35] HostTraceWorker end, cost time = 7 ms
