2025-04-01 20:23:58 [INFO] [191970] [191970] [export_summary.cpp:92] Start to load data!
2025-04-01 20:23:58 [INFO] [191970] [191970] [data_processor.cpp:27] HASH_INIT Run. Dir is /home/ma-user/work/ypy/Eye/EyeCase/output/PROF_000001_20250401202350221_JRAHHAQBPDLFIIDC
2025-04-01 20:23:58 [WARN] [191970] [191970] [data_processor.cpp:38] Can't find the db, the path is /home/ma-user/work/ypy/Eye/EyeCase/output/PROF_000001_20250401202350221_JRAHHAQBPDLFIIDC/host/sqlite/ge_logic_stream_info.db.
2025-04-01 20:23:58 [INFO] [191970] [191970] [hash_init_processor.cpp:55] Init Hash data, dir is /home/ma-user/work/ypy/Eye/EyeCase/output/PROF_000001_20250401202350221_JRAHHAQBPDLFIIDC
2025-04-01 20:23:58 [INFO] [191970] [191970] [data_processor.cpp:54] Check /home/ma-user/work/ypy/Eye/EyeCase/output/PROF_000001_20250401202350221_JRAHHAQBPDLFIIDC/host/sqlite/ge_hash.db and GeHashInfo success.
2025-04-01 20:23:58 [INFO] [191970] [191970] [db_runner.h:72] Start query data
2025-04-01 20:23:58 [INFO] [191970] [191970] [db_runner.h:79] Query data success: SELECT hash_key, hash_value FROM GeHashInfo
2025-04-01 20:23:58 [INFO] [191970] [191978] [data_processor.cpp:27] COMMUNICATION Run. Dir is /home/ma-user/work/ypy/Eye/EyeCase/output/PROF_000001_20250401202350221_JRAHHAQBPDLFIIDC
2025-04-01 20:23:58 [INFO] [191970] [191982] [data_processor.cpp:27] COMPUTE_TASK_INFO Run. Dir is /home/ma-user/work/ypy/Eye/EyeCase/output/PROF_000001_20250401202350221_JRAHHAQBPDLFIIDC
2025-04-01 20:23:58 [INFO] [191970] [191980] [data_processor.cpp:27] TASK Run. Dir is /home/ma-user/work/ypy/Eye/EyeCase/output/PROF_000001_20250401202350221_JRAHHAQBPDLFIIDC
2025-04-01 20:23:58 [INFO] [191970] [191979] [data_processor.cpp:27] PMU Run. Dir is /home/ma-user/work/ypy/Eye/EyeCase/output/PROF_000001_20250401202350221_JRAHHAQBPDLFIIDC
2025-04-01 20:23:58 [WARN] [191970] [191978] [data_processor.cpp:38] Can't find the db, the path is /home/ma-user/work/ypy/Eye/EyeCase/output/PROF_000001_20250401202350221_JRAHHAQBPDLFIIDC/device_0/sqlite/hccl_single_device.db.
2025-04-01 20:23:58 [INFO] [191970] [191979] [metric_processor.cpp:78] TaskBasedProcess, dir is /home/ma-user/work/ypy/Eye/EyeCase/output/PROF_000001_20250401202350221_JRAHHAQBPDLFIIDC
2025-04-01 20:23:58 [WARN] [191970] [191978] [data_processor.cpp:38] Can't find the db, the path is /home/ma-user/work/ypy/Eye/EyeCase/output/PROF_000001_20250401202350221_JRAHHAQBPDLFIIDC/device_0/sqlite/hccl_single_device.db.
2025-04-01 20:23:58 [INFO] [191970] [191978] [data_processor.h:57] Save COMMUNICATION_TASK_INFO data into dataInventory
2025-04-01 20:23:58 [WARN] [191970] [191978] [data_processor.h:59] COMMUNICATION_TASK_INFO no data to inject to dataInventory
2025-04-01 20:23:58 [INFO] [191970] [191978] [data_processor.h:57] Save COMMUNICATION_OP data into dataInventory
2025-04-01 20:23:58 [WARN] [191970] [191978] [data_processor.h:59] COMMUNICATION_OP no data to inject to dataInventory
2025-04-01 20:23:58 [INFO] [191970] [191982] [data_processor.cpp:54] Check /home/ma-user/work/ypy/Eye/EyeCase/output/PROF_000001_20250401202350221_JRAHHAQBPDLFIIDC/host/sqlite/ge_info.db and TaskInfo success.
2025-04-01 20:23:58 [INFO] [191970] [191980] [data_processor.cpp:54] Check /home/ma-user/work/ypy/Eye/EyeCase/output/PROF_000001_20250401202350221_JRAHHAQBPDLFIIDC/device_0/sqlite/ascend_task.db and AscendTask success.
2025-04-01 20:23:58 [INFO] [191970] [191982] [db_runner.h:72] Start query data
2025-04-01 20:23:58 [INFO] [191970] [191979] [data_processor.cpp:54] Check /home/ma-user/work/ypy/Eye/EyeCase/output/PROF_000001_20250401202350221_JRAHHAQBPDLFIIDC/device_0/sqlite/metric_summary.db and MetricSummary success.
2025-04-01 20:23:58 [INFO] [191970] [191979] [metric_processor.cpp:126] GetAndCheckTableColumns.
2025-04-01 20:23:58 [INFO] [191970] [191979] [db_runner.cpp:126] Start get MetricSummary headers
2025-04-01 20:23:58 [INFO] [191970] [191980] [db_runner.h:72] Start query data
2025-04-01 20:23:58 [INFO] [191970] [191982] [db_runner.h:79] Query data success: SELECT hashid, model_id, op_name, stream_id, task_id, block_dim, mix_block_dim, task_type, op_type, op_flag, batch_id, IFNULL(input_formats, 'NULL'), IFNULL(input_data_types, 'NULL'), IFNULL(input_shapes, 'NULL'), IFNULL(output_formats, 'NULL'), IFNULL(output_data_types, 'NULL'), IFNULL(output_shapes, 'NULL'), device_id, context_id, (case when op_state is 'N/A' then 'N/A' when op_state is '1' then 'dynamic' when op_state is '0' then 'static' end) FROM TaskInfo
2025-04-01 20:23:58 [INFO] [191970] [191982] [data_processor.h:57] Save COMPUTE_TASK_INFO data into dataInventory
2025-04-01 20:23:58 [INFO] [191970] [191979] [db_runner.cpp:134] Get MetricSummary columns success
2025-04-01 20:23:58 [INFO] [191970] [191980] [db_runner.h:79] Query data success: SELECT a.start_time, a.duration, a.model_id, a.index_id, a.stream_id, a.task_id, a.context_id,a.batch_id, a.connection_id, a.host_task_type, a.device_task_type FROM AscendTask a WHERE a.device_task_type != 'UNKNOWN'
2025-04-01 20:23:58 [INFO] [191970] [191979] [db_runner.h:72] Start query data
2025-04-01 20:23:58 [INFO] [191970] [191980] [data_processor.h:57] Save TASK data into dataInventory
2025-04-01 20:23:58 [INFO] [191970] [191979] [db_runner.h:79] Query data success: SELECT ROUND(aic_total_time, 3) FROM MetricSummary
2025-04-01 20:23:58 [INFO] [191970] [191979] [db_runner.h:72] Start query data
2025-04-01 20:23:58 [INFO] [191970] [191979] [db_runner.h:79] Query data success: SELECT aic_total_cycles FROM MetricSummary
2025-04-01 20:23:58 [INFO] [191970] [191979] [db_runner.h:72] Start query data
2025-04-01 20:23:58 [INFO] [191970] [191979] [db_runner.h:79] Query data success: SELECT ROUND(aic_mac_time, 3) FROM MetricSummary
2025-04-01 20:23:58 [INFO] [191970] [191979] [db_runner.h:72] Start query data
2025-04-01 20:23:58 [INFO] [191970] [191979] [db_runner.h:79] Query data success: SELECT ROUND(aic_mac_ratio_extra, 3) FROM MetricSummary
2025-04-01 20:23:58 [INFO] [191970] [191979] [db_runner.h:72] Start query data
2025-04-01 20:23:58 [INFO] [191970] [191979] [db_runner.h:79] Query data success: SELECT ROUND(aic_scalar_time, 3) FROM MetricSummary
2025-04-01 20:23:58 [INFO] [191970] [191979] [db_runner.h:72] Start query data
2025-04-01 20:23:58 [INFO] [191970] [191979] [db_runner.h:79] Query data success: SELECT ROUND(aic_scalar_ratio, 3) FROM MetricSummary
2025-04-01 20:23:58 [INFO] [191970] [191979] [db_runner.h:72] Start query data
2025-04-01 20:23:58 [INFO] [191970] [191979] [db_runner.h:79] Query data success: SELECT ROUND(aic_mte1_time, 3) FROM MetricSummary
2025-04-01 20:23:58 [INFO] [191970] [191979] [db_runner.h:72] Start query data
2025-04-01 20:23:58 [INFO] [191970] [191979] [db_runner.h:79] Query data success: SELECT ROUND(aic_mte1_ratio_extra, 3) FROM MetricSummary
2025-04-01 20:23:58 [INFO] [191970] [191979] [db_runner.h:72] Start query data
2025-04-01 20:23:58 [INFO] [191970] [191979] [db_runner.h:79] Query data success: SELECT ROUND(aic_mte2_time, 3) FROM MetricSummary
2025-04-01 20:23:58 [INFO] [191970] [191979] [db_runner.h:72] Start query data
2025-04-01 20:23:58 [INFO] [191970] [191979] [db_runner.h:79] Query data success: SELECT ROUND(aic_mte2_ratio, 3) FROM MetricSummary
2025-04-01 20:23:58 [INFO] [191970] [191979] [db_runner.h:72] Start query data
2025-04-01 20:23:58 [INFO] [191970] [191979] [db_runner.h:79] Query data success: SELECT ROUND(aic_fixpipe_time, 3) FROM MetricSummary
2025-04-01 20:23:58 [INFO] [191970] [191979] [db_runner.h:72] Start query data
2025-04-01 20:23:58 [INFO] [191970] [191979] [db_runner.h:79] Query data success: SELECT ROUND(aic_fixpipe_ratio, 3) FROM MetricSummary
2025-04-01 20:23:58 [INFO] [191970] [191979] [db_runner.h:72] Start query data
2025-04-01 20:23:58 [INFO] [191970] [191979] [db_runner.h:79] Query data success: SELECT ROUND(aic_icache_miss_rate, 3) FROM MetricSummary
2025-04-01 20:23:58 [INFO] [191970] [191979] [db_runner.h:72] Start query data
2025-04-01 20:23:58 [INFO] [191970] [191979] [db_runner.h:79] Query data success: SELECT ROUND(aiv_total_time, 3) FROM MetricSummary
2025-04-01 20:23:58 [INFO] [191970] [191979] [db_runner.h:72] Start query data
2025-04-01 20:23:58 [INFO] [191970] [191979] [db_runner.h:79] Query data success: SELECT aiv_total_cycles FROM MetricSummary
2025-04-01 20:23:58 [INFO] [191970] [191979] [db_runner.h:72] Start query data
2025-04-01 20:23:58 [INFO] [191970] [191979] [db_runner.h:79] Query data success: SELECT ROUND(aiv_vec_time, 3) FROM MetricSummary
2025-04-01 20:23:58 [INFO] [191970] [191979] [db_runner.h:72] Start query data
2025-04-01 20:23:58 [INFO] [191970] [191979] [db_runner.h:79] Query data success: SELECT ROUND(aiv_vec_ratio, 3) FROM MetricSummary
2025-04-01 20:23:58 [INFO] [191970] [191979] [db_runner.h:72] Start query data
2025-04-01 20:23:58 [INFO] [191970] [191979] [db_runner.h:79] Query data success: SELECT ROUND(aiv_scalar_time, 3) FROM MetricSummary
2025-04-01 20:23:58 [INFO] [191970] [191979] [db_runner.h:72] Start query data
2025-04-01 20:23:58 [INFO] [191970] [191979] [db_runner.h:79] Query data success: SELECT ROUND(aiv_scalar_ratio, 3) FROM MetricSummary
2025-04-01 20:23:58 [INFO] [191970] [191979] [db_runner.h:72] Start query data
2025-04-01 20:23:58 [INFO] [191970] [191979] [db_runner.h:79] Query data success: SELECT ROUND(aiv_mte2_time, 3) FROM MetricSummary
2025-04-01 20:23:58 [INFO] [191970] [191979] [db_runner.h:72] Start query data
2025-04-01 20:23:58 [INFO] [191970] [191979] [db_runner.h:79] Query data success: SELECT ROUND(aiv_mte2_ratio, 3) FROM MetricSummary
2025-04-01 20:23:58 [INFO] [191970] [191979] [db_runner.h:72] Start query data
2025-04-01 20:23:58 [INFO] [191970] [191979] [db_runner.h:79] Query data success: SELECT ROUND(aiv_mte3_time, 3) FROM MetricSummary
2025-04-01 20:23:58 [INFO] [191970] [191979] [db_runner.h:72] Start query data
2025-04-01 20:23:58 [INFO] [191970] [191979] [db_runner.h:79] Query data success: SELECT ROUND(aiv_mte3_ratio, 3) FROM MetricSummary
2025-04-01 20:23:58 [INFO] [191970] [191979] [db_runner.h:72] Start query data
2025-04-01 20:23:58 [INFO] [191970] [191979] [db_runner.h:79] Query data success: SELECT ROUND(aiv_icache_miss_rate, 3) FROM MetricSummary
2025-04-01 20:23:58 [INFO] [191970] [191979] [db_runner.h:72] Start query data
2025-04-01 20:23:58 [INFO] [191970] [191979] [db_runner.h:79] Query data success: SELECT subtask_id FROM MetricSummary
2025-04-01 20:23:58 [INFO] [191970] [191979] [db_runner.h:72] Start query data
2025-04-01 20:23:58 [INFO] [191970] [191979] [db_runner.h:79] Query data success: SELECT stream_id FROM MetricSummary
2025-04-01 20:23:58 [INFO] [191970] [191979] [db_runner.h:72] Start query data
2025-04-01 20:23:58 [INFO] [191970] [191979] [db_runner.h:79] Query data success: SELECT task_id FROM MetricSummary
2025-04-01 20:23:58 [INFO] [191970] [191979] [db_runner.h:72] Start query data
2025-04-01 20:23:58 [INFO] [191970] [191979] [db_runner.h:79] Query data success: SELECT batch_id FROM MetricSummary
2025-04-01 20:23:58 [INFO] [191970] [191979] [metric_processor.cpp:287] FormatTaskBasedData.
2025-04-01 20:23:58 [INFO] [191970] [191979] [metric_processor.cpp:343] Calculating memory bound...
2025-04-01 20:23:58 [INFO] [191970] [191979] [metric_processor.cpp:346] can't find memory bound needed column, no memory bound data added.
2025-04-01 20:23:58 [INFO] [191970] [191970] [summary_assembler.h:31] Begin to Assemble OP_SUMMARY data
2025-04-01 20:23:58 [INFO] [191970] [191970] [file.cpp:395] The file not exists: /home/ma-user/work/ypy/Eye/EyeCase/output/PROF_000001_20250401202350221_JRAHHAQBPDLFIIDC/mindstudio_profiler_output/op_summary_20250401202358.csv.
2025-04-01 20:23:58 [INFO] [191970] [191970] [summary_assembler.h:34] Assemble and export OP_SUMMARY data success
