2025-04-01 20:23:57 [INFO] [191903] [191903] [export_manager.cpp:121] Start to load data!
2025-04-01 20:23:57 [INFO] [191903] [191903] [data_processor.cpp:27] HASH_INIT Run. Dir is /home/ma-user/work/ypy/Eye/EyeCase/output/PROF_000001_20250401202350221_JRAHHAQBPDLFIIDC
2025-04-01 20:23:57 [WARN] [191903] [191903] [data_processor.cpp:38] Can't find the db, the path is /home/ma-user/work/ypy/Eye/EyeCase/output/PROF_000001_20250401202350221_JRAHHAQBPDLFIIDC/host/sqlite/ge_logic_stream_info.db.
2025-04-01 20:23:57 [INFO] [191903] [191903] [hash_init_processor.cpp:55] Init Hash data, dir is /home/ma-user/work/ypy/Eye/EyeCase/output/PROF_000001_20250401202350221_JRAHHAQBPDLFIIDC
2025-04-01 20:23:57 [INFO] [191903] [191903] [data_processor.cpp:54] Check /home/ma-user/work/ypy/Eye/EyeCase/output/PROF_000001_20250401202350221_JRAHHAQBPDLFIIDC/host/sqlite/ge_hash.db and GeHashInfo success.
2025-04-01 20:23:57 [INFO] [191903] [191903] [db_runner.h:72] Start query data
2025-04-01 20:23:57 [INFO] [191903] [191903] [db_runner.h:79] Query data success: SELECT hash_key, hash_value FROM GeHashInfo
2025-04-01 20:23:57 [INFO] [191903] [191909] [data_processor.cpp:27] API Run. Dir is /home/ma-user/work/ypy/Eye/EyeCase/output/PROF_000001_20250401202350221_JRAHHAQBPDLFIIDC
2025-04-01 20:23:57 [INFO] [191903] [191916] [data_processor.cpp:27] COMMUNICATION Run. Dir is /home/ma-user/work/ypy/Eye/EyeCase/output/PROF_000001_20250401202350221_JRAHHAQBPDLFIIDC
2025-04-01 20:23:57 [INFO] [191903] [191907] [data_processor.cpp:27] COMPUTE_TASK_INFO Run. Dir is /home/ma-user/work/ypy/Eye/EyeCase/output/PROF_000001_20250401202350221_JRAHHAQBPDLFIIDC
2025-04-01 20:23:57 [INFO] [191903] [191910] [data_processor.cpp:27] KFC_TASK Run. Dir is /home/ma-user/work/ypy/Eye/EyeCase/output/PROF_000001_20250401202350221_JRAHHAQBPDLFIIDC
2025-04-01 20:23:57 [INFO] [191903] [191912] [data_processor.cpp:27] KFC_COMM Run. Dir is /home/ma-user/work/ypy/Eye/EyeCase/output/PROF_000001_20250401202350221_JRAHHAQBPDLFIIDC
2025-04-01 20:23:57 [INFO] [191903] [191908] [data_processor.cpp:27] DEVICE_MSTX Run. Dir is /home/ma-user/work/ypy/Eye/EyeCase/output/PROF_000001_20250401202350221_JRAHHAQBPDLFIIDC
2025-04-01 20:23:57 [INFO] [191903] [191911] [data_processor.cpp:27] MSTX Run. Dir is /home/ma-user/work/ypy/Eye/EyeCase/output/PROF_000001_20250401202350221_JRAHHAQBPDLFIIDC
2025-04-01 20:23:57 [WARN] [191903] [191910] [data_processor.cpp:38] Can't find the db, the path is /home/ma-user/work/ypy/Eye/EyeCase/output/PROF_000001_20250401202350221_JRAHHAQBPDLFIIDC/device_0/sqlite/kfc_info.db.
2025-04-01 20:23:57 [INFO] [191903] [191913] [data_processor.cpp:27] STEP_TRACE Run. Dir is /home/ma-user/work/ypy/Eye/EyeCase/output/PROF_000001_20250401202350221_JRAHHAQBPDLFIIDC
2025-04-01 20:23:57 [WARN] [191903] [191910] [data_processor.cpp:38] Can't find the db, the path is /home/ma-user/work/ypy/Eye/EyeCase/output/PROF_000001_20250401202350221_JRAHHAQBPDLFIIDC/device_0/sqlite/kfc_info.db.
2025-04-01 20:23:57 [INFO] [191903] [191910] [data_processor.h:57] Save KFC_TASK data into dataInventory
2025-04-01 20:23:57 [WARN] [191903] [191910] [data_processor.h:59] KFC_TASK no data to inject to dataInventory
2025-04-01 20:23:57 [WARN] [191903] [191916] [data_processor.cpp:38] Can't find the db, the path is /home/ma-user/work/ypy/Eye/EyeCase/output/PROF_000001_20250401202350221_JRAHHAQBPDLFIIDC/device_0/sqlite/hccl_single_device.db.
2025-04-01 20:23:57 [WARN] [191903] [191916] [data_processor.cpp:38] Can't find the db, the path is /home/ma-user/work/ypy/Eye/EyeCase/output/PROF_000001_20250401202350221_JRAHHAQBPDLFIIDC/device_0/sqlite/hccl_single_device.db.
2025-04-01 20:23:57 [INFO] [191903] [191909] [data_processor.cpp:54] Check /home/ma-user/work/ypy/Eye/EyeCase/output/PROF_000001_20250401202350221_JRAHHAQBPDLFIIDC/host/sqlite/api_event.db and ApiData success.
2025-04-01 20:23:57 [INFO] [191903] [191916] [data_processor.h:57] Save COMMUNICATION_TASK_INFO data into dataInventory
2025-04-01 20:23:57 [INFO] [191903] [191909] [db_runner.h:72] Start query data
2025-04-01 20:23:57 [WARN] [191903] [191916] [data_processor.h:59] COMMUNICATION_TASK_INFO no data to inject to dataInventory
2025-04-01 20:23:57 [INFO] [191903] [191916] [data_processor.h:57] Save COMMUNICATION_OP data into dataInventory
2025-04-01 20:23:57 [WARN] [191903] [191912] [data_processor.cpp:38] Can't find the db, the path is /home/ma-user/work/ypy/Eye/EyeCase/output/PROF_000001_20250401202350221_JRAHHAQBPDLFIIDC/device_0/sqlite/hccl_single_device.db.
2025-04-01 20:23:57 [WARN] [191903] [191916] [data_processor.h:59] COMMUNICATION_OP no data to inject to dataInventory
2025-04-01 20:23:57 [WARN] [191903] [191912] [data_processor.cpp:38] Can't find the db, the path is /home/ma-user/work/ypy/Eye/EyeCase/output/PROF_000001_20250401202350221_JRAHHAQBPDLFIIDC/device_0/sqlite/hccl_single_device.db.
2025-04-01 20:23:57 [INFO] [191903] [191912] [data_processor.h:57] Save KFC_COMM data into dataInventory
2025-04-01 20:23:57 [WARN] [191903] [191912] [data_processor.h:59] KFC_COMM no data to inject to dataInventory
2025-04-01 20:23:57 [INFO] [191903] [191915] [data_processor.cpp:27] TASK Run. Dir is /home/ma-user/work/ypy/Eye/EyeCase/output/PROF_000001_20250401202350221_JRAHHAQBPDLFIIDC
2025-04-01 20:23:57 [INFO] [191903] [191916] [data_processor.cpp:27] AICORE_FREQ Run. Dir is /home/ma-user/work/ypy/Eye/EyeCase/output/PROF_000001_20250401202350221_JRAHHAQBPDLFIIDC
2025-04-01 20:23:57 [INFO] [191903] [191912] [data_processor.h:57] Save KFC_COMM data into dataInventory
2025-04-01 20:23:57 [INFO] [191903] [191914] [data_processor.cpp:27] ACC_PMU Run. Dir is /home/ma-user/work/ypy/Eye/EyeCase/output/PROF_000001_20250401202350221_JRAHHAQBPDLFIIDC
2025-04-01 20:23:57 [INFO] [191903] [191908] [context.cpp:354] HostFreq is empty, it will be set 1000.0 .
2025-04-01 20:23:57 [INFO] [191903] [191910] [data_processor.cpp:27] CHIP_TRAINS Run. Dir is /home/ma-user/work/ypy/Eye/EyeCase/output/PROF_000001_20250401202350221_JRAHHAQBPDLFIIDC
2025-04-01 20:23:57 [WARN] [191903] [191912] [data_processor.h:59] KFC_COMM no data to inject to dataInventory
2025-04-01 20:23:57 [INFO] [191903] [191911] [context.cpp:354] HostFreq is empty, it will be set 1000.0 .
2025-04-01 20:23:57 [INFO] [191903] [191913] [context.cpp:354] HostFreq is empty, it will be set 1000.0 .
2025-04-01 20:23:57 [INFO] [191903] [191909] [db_runner.h:79] Query data success: SELECT struct_type, id, level, thread_id, item_id, start, end, connection_id FROM ApiData
2025-04-01 20:23:57 [INFO] [191903] [191912] [data_processor.cpp:27] DDR Run. Dir is /home/ma-user/work/ypy/Eye/EyeCase/output/PROF_000001_20250401202350221_JRAHHAQBPDLFIIDC
2025-04-01 20:23:57 [WARN] [191903] [191911] [data_processor.cpp:38] Can't find the db, the path is /home/ma-user/work/ypy/Eye/EyeCase/output/PROF_000001_20250401202350221_JRAHHAQBPDLFIIDC/host/sqlite/msproftx.db.
2025-04-01 20:23:57 [WARN] [191903] [191913] [data_processor.cpp:38] Can't find the db, the path is /home/ma-user/work/ypy/Eye/EyeCase/output/PROF_000001_20250401202350221_JRAHHAQBPDLFIIDC/device_0/sqlite/trace.db.
2025-04-01 20:23:57 [WARN] [191903] [191911] [data_processor.cpp:38] Can't find the db, the path is /home/ma-user/work/ypy/Eye/EyeCase/output/PROF_000001_20250401202350221_JRAHHAQBPDLFIIDC/host/sqlite/msproftx.db.
2025-04-01 20:23:57 [WARN] [191903] [191911] [msproftx_host_processor.cpp:78] msprofTx in /home/ma-user/work/ypy/Eye/EyeCase/output/PROF_000001_20250401202350221_JRAHHAQBPDLFIIDC is not exists, return
2025-04-01 20:23:57 [INFO] [191903] [191911] [data_processor.cpp:27] HBM Run. Dir is /home/ma-user/work/ypy/Eye/EyeCase/output/PROF_000001_20250401202350221_JRAHHAQBPDLFIIDC
2025-04-01 20:23:57 [INFO] [191903] [191907] [data_processor.cpp:54] Check /home/ma-user/work/ypy/Eye/EyeCase/output/PROF_000001_20250401202350221_JRAHHAQBPDLFIIDC/host/sqlite/ge_info.db and TaskInfo success.
2025-04-01 20:23:57 [INFO] [191903] [191907] [db_runner.h:72] Start query data
2025-04-01 20:23:57 [WARN] [191903] [191914] [data_processor.cpp:38] Can't find the db, the path is /home/ma-user/work/ypy/Eye/EyeCase/output/PROF_000001_20250401202350221_JRAHHAQBPDLFIIDC/device_0/sqlite/acc_pmu.db.
2025-04-01 20:23:57 [WARN] [191903] [191910] [data_processor.cpp:38] Can't find the db, the path is /home/ma-user/work/ypy/Eye/EyeCase/output/PROF_000001_20250401202350221_JRAHHAQBPDLFIIDC/device_0/sqlite/chip_trans.db.
2025-04-01 20:23:57 [INFO] [191903] [191913] [context.cpp:354] HostFreq is empty, it will be set 1000.0 .
2025-04-01 20:23:57 [INFO] [191903] [191914] [data_processor.h:57] Save ACC_PMU data into dataInventory
2025-04-01 20:23:57 [WARN] [191903] [191910] [data_processor.cpp:38] Can't find the db, the path is /home/ma-user/work/ypy/Eye/EyeCase/output/PROF_000001_20250401202350221_JRAHHAQBPDLFIIDC/device_0/sqlite/chip_trans.db.
2025-04-01 20:23:57 [WARN] [191903] [191914] [data_processor.h:59] ACC_PMU no data to inject to dataInventory
2025-04-01 20:23:57 [INFO] [191903] [191910] [data_processor.h:57] Save PA_LINK_INFO data into dataInventory
2025-04-01 20:23:57 [INFO] [191903] [191914] [data_processor.cpp:27] HCCS Run. Dir is /home/ma-user/work/ypy/Eye/EyeCase/output/PROF_000001_20250401202350221_JRAHHAQBPDLFIIDC
2025-04-01 20:23:57 [WARN] [191903] [191910] [data_processor.h:59] PA_LINK_INFO no data to inject to dataInventory
2025-04-01 20:23:57 [WARN] [191903] [191913] [data_processor.cpp:38] Can't find the db, the path is /home/ma-user/work/ypy/Eye/EyeCase/output/PROF_000001_20250401202350221_JRAHHAQBPDLFIIDC/device_0/sqlite/trace.db.
2025-04-01 20:23:57 [INFO] [191903] [191910] [data_processor.h:57] Save ENUM_PCIE_INFO data into dataInventory
2025-04-01 20:23:57 [WARN] [191903] [191910] [data_processor.h:59] ENUM_PCIE_INFO no data to inject to dataInventory
2025-04-01 20:23:57 [INFO] [191903] [191910] [data_processor.cpp:27] CPU_USAGE Run. Dir is /home/ma-user/work/ypy/Eye/EyeCase/output/PROF_000001_20250401202350221_JRAHHAQBPDLFIIDC
2025-04-01 20:23:57 [WARN] [191903] [191911] [data_processor.cpp:38] Can't find the db, the path is /home/ma-user/work/ypy/Eye/EyeCase/output/PROF_000001_20250401202350221_JRAHHAQBPDLFIIDC/device_0/sqlite/hbm.db.
2025-04-01 20:23:57 [WARN] [191903] [191908] [connection.cpp:70] sqlite3_exec return 1, Failed to check: no such table: StepTrace
2025-04-01 20:23:57 [INFO] [191903] [191916] [context.cpp:354] HostFreq is empty, it will be set 1000.0 .
2025-04-01 20:23:57 [INFO] [191903] [191911] [data_processor.h:57] Save HBM data into dataInventory
2025-04-01 20:23:57 [WARN] [191903] [191911] [data_processor.h:59] HBM no data to inject to dataInventory
2025-04-01 20:23:57 [INFO] [191903] [191912] [context.cpp:447] HostFreq is empty, it will be set 1000.0 .
2025-04-01 20:23:57 [INFO] [191903] [191911] [data_processor.h:57] Save HBM data into dataInventory
2025-04-01 20:23:57 [INFO] [191903] [191909] [context.cpp:354] HostFreq is empty, it will be set 1000.0 .
2025-04-01 20:23:57 [INFO] [191903] [191913] [context.cpp:354] HostFreq is empty, it will be set 1000.0 .
2025-04-01 20:23:57 [WARN] [191903] [191911] [data_processor.h:59] HBM no data to inject to dataInventory
2025-04-01 20:23:57 [INFO] [191903] [191911] [data_processor.cpp:27] MEM_USAGE Run. Dir is /home/ma-user/work/ypy/Eye/EyeCase/output/PROF_000001_20250401202350221_JRAHHAQBPDLFIIDC
2025-04-01 20:23:57 [WARN] [191903] [191914] [data_processor.cpp:38] Can't find the db, the path is /home/ma-user/work/ypy/Eye/EyeCase/output/PROF_000001_20250401202350221_JRAHHAQBPDLFIIDC/device_0/sqlite/hccs.db.
2025-04-01 20:23:57 [INFO] [191903] [191914] [data_processor.h:57] Save HCCS data into dataInventory
2025-04-01 20:23:57 [WARN] [191903] [191913] [data_processor.cpp:38] Can't find the db, the path is /home/ma-user/work/ypy/Eye/EyeCase/output/PROF_000001_20250401202350221_JRAHHAQBPDLFIIDC/device_0/sqlite/trace.db.
2025-04-01 20:23:57 [WARN] [191903] [191914] [data_processor.h:59] HCCS no data to inject to dataInventory
2025-04-01 20:23:57 [WARN] [191903] [191910] [data_processor.cpp:38] Can't find the db, the path is /home/ma-user/work/ypy/Eye/EyeCase/output/PROF_000001_20250401202350221_JRAHHAQBPDLFIIDC/host/sqlite/host_cpu_usage.db.
2025-04-01 20:23:57 [WARN] [191903] [191908] [data_processor.cpp:50] Check StepTrace not exists
2025-04-01 20:23:57 [INFO] [191903] [191915] [data_processor.cpp:54] Check /home/ma-user/work/ypy/Eye/EyeCase/output/PROF_000001_20250401202350221_JRAHHAQBPDLFIIDC/device_0/sqlite/ascend_task.db and AscendTask success.
2025-04-01 20:23:57 [INFO] [191903] [191914] [data_processor.h:57] Save HCCS data into dataInventory
2025-04-01 20:23:57 [INFO] [191903] [191913] [data_processor.h:57] Save STEP_TRACE data into dataInventory
2025-04-01 20:23:57 [INFO] [191903] [191909] [data_processor.h:57] Save API data into dataInventory
2025-04-01 20:23:57 [WARN] [191903] [191913] [data_processor.h:59] STEP_TRACE no data to inject to dataInventory
2025-04-01 20:23:57 [WARN] [191903] [191914] [data_processor.h:59] HCCS no data to inject to dataInventory
2025-04-01 20:23:57 [INFO] [191903] [191908] [data_processor.h:57] Save TASK data into dataInventory
2025-04-01 20:23:57 [INFO] [191903] [191913] [data_processor.h:57] Save STEP_TRACE data into dataInventory
2025-04-01 20:23:57 [INFO] [191903] [191910] [data_processor.cpp:27] DISK_USAGE Run. Dir is /home/ma-user/work/ypy/Eye/EyeCase/output/PROF_000001_20250401202350221_JRAHHAQBPDLFIIDC
2025-04-01 20:23:57 [WARN] [191903] [191908] [data_processor.h:59] TASK no data to inject to dataInventory
2025-04-01 20:23:57 [INFO] [191903] [191909] [data_processor.cpp:27] NETWORK_USAGE Run. Dir is /home/ma-user/work/ypy/Eye/EyeCase/output/PROF_000001_20250401202350221_JRAHHAQBPDLFIIDC
2025-04-01 20:23:57 [WARN] [191903] [191912] [data_processor.cpp:38] Can't find the db, the path is /home/ma-user/work/ypy/Eye/EyeCase/output/PROF_000001_20250401202350221_JRAHHAQBPDLFIIDC/device_0/sqlite/ddr.db.
2025-04-01 20:23:57 [INFO] [191903] [191914] [data_processor.cpp:27] LLC Run. Dir is /home/ma-user/work/ypy/Eye/EyeCase/output/PROF_000001_20250401202350221_JRAHHAQBPDLFIIDC
2025-04-01 20:23:57 [INFO] [191903] [191912] [data_processor.h:57] Save DDR data into dataInventory
2025-04-01 20:23:57 [WARN] [191903] [191911] [data_processor.cpp:38] Can't find the db, the path is /home/ma-user/work/ypy/Eye/EyeCase/output/PROF_000001_20250401202350221_JRAHHAQBPDLFIIDC/host/sqlite/host_mem_usage.db.
2025-04-01 20:23:57 [WARN] [191903] [191912] [data_processor.h:59] DDR no data to inject to dataInventory
2025-04-01 20:23:57 [INFO] [191903] [191908] [data_processor.cpp:27] NPU_MEM Run. Dir is /home/ma-user/work/ypy/Eye/EyeCase/output/PROF_000001_20250401202350221_JRAHHAQBPDLFIIDC
2025-04-01 20:23:57 [INFO] [191903] [191911] [data_processor.cpp:27] PCIE Run. Dir is /home/ma-user/work/ypy/Eye/EyeCase/output/PROF_000001_20250401202350221_JRAHHAQBPDLFIIDC
2025-04-01 20:23:57 [INFO] [191903] [191912] [data_processor.cpp:27] SIO Run. Dir is /home/ma-user/work/ypy/Eye/EyeCase/output/PROF_000001_20250401202350221_JRAHHAQBPDLFIIDC
2025-04-01 20:23:57 [INFO] [191903] [191907] [db_runner.h:79] Query data success: SELECT hashid, model_id, op_name, stream_id, task_id, block_dim, mix_block_dim, task_type, op_type, op_flag, batch_id, IFNULL(input_formats, 'NULL'), IFNULL(input_data_types, 'NULL'), IFNULL(input_shapes, 'NULL'), IFNULL(output_formats, 'NULL'), IFNULL(output_data_types, 'NULL'), IFNULL(output_shapes, 'NULL'), device_id, context_id, (case when op_state is 'N/A' then 'N/A' when op_state is '1' then 'dynamic' when op_state is '0' then 'static' end) FROM TaskInfo
2025-04-01 20:23:57 [WARN] [191903] [191913] [data_processor.h:59] STEP_TRACE no data to inject to dataInventory
2025-04-01 20:23:57 [INFO] [191903] [191915] [db_runner.h:72] Start query data
2025-04-01 20:23:57 [INFO] [191903] [191916] [data_processor.cpp:54] Check /home/ma-user/work/ypy/Eye/EyeCase/output/PROF_000001_20250401202350221_JRAHHAQBPDLFIIDC/device_0/sqlite/freq.db and FreqParse success.
2025-04-01 20:23:57 [INFO] [191903] [191911] [pcie_processor.cpp:48] PCIeProcessor Process, dir is /home/ma-user/work/ypy/Eye/EyeCase/output/PROF_000001_20250401202350221_JRAHHAQBPDLFIIDC
2025-04-01 20:23:57 [INFO] [191903] [191913] [data_processor.h:57] Save STEP_TRACE data into dataInventory
2025-04-01 20:23:57 [INFO] [191903] [191916] [aicore_freq_processor.cpp:98] AicoreFreqProcessor GetData, dir is /home/ma-user/work/ypy/Eye/EyeCase/output/PROF_000001_20250401202350221_JRAHHAQBPDLFIIDC/device_0/sqlite/freq.db
2025-04-01 20:23:57 [WARN] [191903] [191913] [data_processor.h:59] STEP_TRACE no data to inject to dataInventory
2025-04-01 20:23:57 [WARN] [191903] [191909] [data_processor.cpp:38] Can't find the db, the path is /home/ma-user/work/ypy/Eye/EyeCase/output/PROF_000001_20250401202350221_JRAHHAQBPDLFIIDC/host/sqlite/host_network_usage.db.
2025-04-01 20:23:57 [WARN] [191903] [191910] [data_processor.cpp:38] Can't find the db, the path is /home/ma-user/work/ypy/Eye/EyeCase/output/PROF_000001_20250401202350221_JRAHHAQBPDLFIIDC/host/sqlite/host_disk_usage.db.
2025-04-01 20:23:57 [INFO] [191903] [191907] [data_processor.h:57] Save COMPUTE_TASK_INFO data into dataInventory
2025-04-01 20:23:57 [INFO] [191903] [191916] [db_runner.h:72] Start query data
2025-04-01 20:23:57 [INFO] [191903] [191913] [data_processor.cpp:27] SOC Run. Dir is /home/ma-user/work/ypy/Eye/EyeCase/output/PROF_000001_20250401202350221_JRAHHAQBPDLFIIDC
2025-04-01 20:23:57 [INFO] [191903] [191909] [data_processor.cpp:27] NIC Run. Dir is /home/ma-user/work/ypy/Eye/EyeCase/output/PROF_000001_20250401202350221_JRAHHAQBPDLFIIDC
2025-04-01 20:23:57 [INFO] [191903] [191910] [data_processor.cpp:27] ROCE Run. Dir is /home/ma-user/work/ypy/Eye/EyeCase/output/PROF_000001_20250401202350221_JRAHHAQBPDLFIIDC
2025-04-01 20:23:57 [INFO] [191903] [191907] [data_processor.cpp:27] QOS Run. Dir is /home/ma-user/work/ypy/Eye/EyeCase/output/PROF_000001_20250401202350221_JRAHHAQBPDLFIIDC
2025-04-01 20:23:57 [WARN] [191903] [191912] [data_processor.cpp:38] Can't find the db, the path is /home/ma-user/work/ypy/Eye/EyeCase/output/PROF_000001_20250401202350221_JRAHHAQBPDLFIIDC/device_0/sqlite/sio.db.
2025-04-01 20:23:57 [INFO] [191903] [191915] [db_runner.h:79] Query data success: SELECT a.start_time, a.duration, a.model_id, a.index_id, a.stream_id, a.task_id, a.context_id,a.batch_id, a.connection_id, a.host_task_type, a.device_task_type FROM AscendTask a WHERE a.device_task_type != 'UNKNOWN'
2025-04-01 20:23:57 [INFO] [191903] [191912] [data_processor.h:57] Save SIO data into dataInventory
2025-04-01 20:23:57 [INFO] [191903] [191908] [context.cpp:447] HostFreq is empty, it will be set 1000.0 .
2025-04-01 20:23:57 [WARN] [191903] [191912] [data_processor.h:59] SIO no data to inject to dataInventory
2025-04-01 20:23:57 [INFO] [191903] [191912] [data_processor.cpp:27] MC2_COMM_INFO Run. Dir is /home/ma-user/work/ypy/Eye/EyeCase/output/PROF_000001_20250401202350221_JRAHHAQBPDLFIIDC
2025-04-01 20:23:57 [WARN] [191903] [191914] [data_processor.cpp:38] Can't find the db, the path is /home/ma-user/work/ypy/Eye/EyeCase/output/PROF_000001_20250401202350221_JRAHHAQBPDLFIIDC/device_0/sqlite/llc.db.
2025-04-01 20:23:57 [WARN] [191903] [191912] [data_processor.cpp:38] Can't find the db, the path is /home/ma-user/work/ypy/Eye/EyeCase/output/PROF_000001_20250401202350221_JRAHHAQBPDLFIIDC/host/sqlite/mc2_comm_info.db.
2025-04-01 20:23:57 [WARN] [191903] [191908] [data_processor.cpp:38] Can't find the db, the path is /home/ma-user/work/ypy/Eye/EyeCase/output/PROF_000001_20250401202350221_JRAHHAQBPDLFIIDC/device_0/sqlite/npu_mem.db.
2025-04-01 20:23:57 [INFO] [191903] [191912] [data_processor.cpp:27] MEMCPY_INFO Run. Dir is /home/ma-user/work/ypy/Eye/EyeCase/output/PROF_000001_20250401202350221_JRAHHAQBPDLFIIDC
2025-04-01 20:23:57 [INFO] [191903] [191908] [data_processor.h:57] Save NPU_MEM data into dataInventory
2025-04-01 20:23:57 [INFO] [191903] [191916] [db_runner.h:79] Query data success: SELECT syscnt, freq FROM FreqParse
2025-04-01 20:23:57 [INFO] [191903] [191914] [data_processor.h:57] Save LLC data into dataInventory
2025-04-01 20:23:57 [WARN] [191903] [191913] [data_processor.cpp:38] Can't find the db, the path is /home/ma-user/work/ypy/Eye/EyeCase/output/PROF_000001_20250401202350221_JRAHHAQBPDLFIIDC/device_0/sqlite/soc_profiler.db.
2025-04-01 20:23:57 [WARN] [191903] [191914] [data_processor.h:59] LLC no data to inject to dataInventory
2025-04-01 20:23:57 [INFO] [191903] [191916] [aicore_freq_processor.cpp:117] AicoreFreqProcessor FormatData.
2025-04-01 20:23:57 [WARN] [191903] [191908] [data_processor.h:59] NPU_MEM no data to inject to dataInventory
2025-04-01 20:23:57 [INFO] [191903] [191911] [context.cpp:447] HostFreq is empty, it will be set 1000.0 .
2025-04-01 20:23:57 [INFO] [191903] [191913] [data_processor.h:57] Save SOC data into dataInventory
2025-04-01 20:23:57 [INFO] [191903] [191914] [data_processor.h:57] Save LLC data into dataInventory
2025-04-01 20:23:57 [WARN] [191903] [191913] [data_processor.h:59] SOC no data to inject to dataInventory
2025-04-01 20:23:57 [WARN] [191903] [191914] [data_processor.h:59] LLC no data to inject to dataInventory
2025-04-01 20:23:57 [INFO] [191903] [191910] [context.cpp:447] HostFreq is empty, it will be set 1000.0 .
2025-04-01 20:23:57 [INFO] [191903] [191909] [context.cpp:447] HostFreq is empty, it will be set 1000.0 .
2025-04-01 20:23:57 [INFO] [191903] [191915] [data_processor.h:57] Save TASK data into dataInventory
2025-04-01 20:23:57 [WARN] [191903] [191912] [connection.cpp:70] sqlite3_exec return 1, Failed to check: no such table: MemcpyInfo
2025-04-01 20:23:57 [INFO] [191903] [191916] [data_processor.h:57] Save AICORE_FREQ data into dataInventory
2025-04-01 20:23:57 [WARN] [191903] [191912] [data_processor.cpp:50] Check MemcpyInfo not exists
2025-04-01 20:23:57 [WARN] [191903] [191911] [data_processor.cpp:38] Can't find the db, the path is /home/ma-user/work/ypy/Eye/EyeCase/output/PROF_000001_20250401202350221_JRAHHAQBPDLFIIDC/device_0/sqlite/pcie.db.
2025-04-01 20:23:57 [INFO] [191903] [191911] [data_processor.h:57] Save PCIE data into dataInventory
2025-04-01 20:23:57 [WARN] [191903] [191911] [data_processor.h:59] PCIE no data to inject to dataInventory
2025-04-01 20:23:57 [WARN] [191903] [191907] [data_processor.cpp:38] Can't find the db, the path is /home/ma-user/work/ypy/Eye/EyeCase/output/PROF_000001_20250401202350221_JRAHHAQBPDLFIIDC/device_0/sqlite/qos.db.
2025-04-01 20:23:57 [WARN] [191903] [191910] [data_processor.cpp:38] Can't find the db, the path is /home/ma-user/work/ypy/Eye/EyeCase/output/PROF_000001_20250401202350221_JRAHHAQBPDLFIIDC/device_0/sqlite/rocereceivesend_table.db.
2025-04-01 20:23:57 [INFO] [191903] [191907] [data_processor.h:57] Save QOS data into dataInventory
2025-04-01 20:23:57 [WARN] [191903] [191910] [sys_io_processor.cpp:212] No ROCE_TIMELINE data to save into dataInventory
2025-04-01 20:23:57 [WARN] [191903] [191909] [data_processor.cpp:38] Can't find the db, the path is /home/ma-user/work/ypy/Eye/EyeCase/output/PROF_000001_20250401202350221_JRAHHAQBPDLFIIDC/device_0/sqlite/nicreceivesend_table.db.
2025-04-01 20:23:57 [WARN] [191903] [191907] [data_processor.h:59] QOS no data to inject to dataInventory
2025-04-01 20:23:57 [WARN] [191903] [191909] [sys_io_processor.cpp:212] No NIC_TIMELINE data to save into dataInventory
2025-04-01 20:23:57 [INFO] [191903] [191903] [export_manager.cpp:143] The report parameter is not used.
2025-04-01 20:23:57 [INFO] [191903] [191903] [timeline_manager.cpp:122] Start exporting timeline!
2025-04-01 20:23:57 [INFO] [191903] [191903] [file.cpp:395] The file not exists: /home/ma-user/work/ypy/Eye/EyeCase/output/PROF_000001_20250401202350221_JRAHHAQBPDLFIIDC/mindstudio_profiler_output/msprof_20250401202357.json.
2025-04-01 20:23:57 [INFO] [191903] [191918] [json_assembler.cpp:24] Begin to Assemble Acc PMU data
2025-04-01 20:23:57 [INFO] [191903] [191920] [json_assembler.cpp:24] Begin to Assemble Api data
2025-04-01 20:23:57 [INFO] [191903] [191917] [json_assembler.cpp:24] Begin to Assemble DDR data
2025-04-01 20:23:57 [INFO] [191903] [191926] [json_assembler.cpp:24] Begin to Assemble Task Scheduler data
2025-04-01 20:23:57 [INFO] [191903] [191921] [json_assembler.cpp:24] Begin to Assemble Stars Chip Trans data
2025-04-01 20:23:57 [WARN] [191903] [191918] [acc_pmu_assembler.cpp:56] Can't get accPmuData from dataInventory
2025-04-01 20:23:57 [INFO] [191903] [191919] [json_assembler.cpp:24] Begin to Assemble HBM data
2025-04-01 20:23:57 [WARN] [191903] [191921] [chip_trans_assembler.cpp:84] Can't get paLinkInfoData from dataInventory
2025-04-01 20:23:57 [WARN] [191903] [191919] [hbm_assembler.cpp:56] Can't get hbmData from dataInventory
2025-04-01 20:23:57 [WARN] [191903] [191918] [json_assembler.cpp:36] No Acc PMU data, don't export deliverable!
2025-04-01 20:23:57 [INFO] [191903] [191925] [json_assembler.cpp:24] Begin to Assemble Disk Usage data
2025-04-01 20:23:57 [WARN] [191903] [191919] [json_assembler.cpp:36] No HBM data, don't export deliverable!
2025-04-01 20:23:57 [INFO] [191903] [191923] [json_assembler.cpp:24] Begin to Assemble HCCS data
2025-04-01 20:23:57 [INFO] [191903] [191924] [json_assembler.cpp:24] Begin to Assemble HCCL data
2025-04-01 20:23:57 [INFO] [191903] [191922] [json_assembler.cpp:24] Begin to Assemble Network Usage data
2025-04-01 20:23:57 [WARN] [191903] [191921] [json_assembler.cpp:36] No Stars Chip Trans data, don't export deliverable!
2025-04-01 20:23:57 [INFO] [191903] [191922] [host_usage_assembler.cpp:108] Begin to assemble Network Usage data.
2025-04-01 20:23:57 [INFO] [191903] [191918] [json_assembler.cpp:24] Begin to Assemble Memory Usage data
2025-04-01 20:23:57 [INFO] [191903] [191925] [host_usage_assembler.cpp:108] Begin to assemble Disk Usage data.
2025-04-01 20:23:57 [INFO] [191903] [191918] [host_usage_assembler.cpp:108] Begin to assemble Memory Usage data.
2025-04-01 20:23:57 [WARN] [191903] [191923] [hccs_assembler.cpp:55] Can't get hccsData from dataInventory
2025-04-01 20:23:57 [WARN] [191903] [191924] [hccl_assembler.cpp:169] Can't get hccl(kfc) task data and hccl(kfc) op data from dataInventory
2025-04-01 20:23:57 [WARN] [191903] [191917] [ddr_assembler.cpp:55] Can't get ddrData from dataInventory
2025-04-01 20:23:57 [WARN] [191903] [191924] [json_assembler.cpp:36] No HCCL data, don't export deliverable!
2025-04-01 20:23:57 [WARN] [191903] [191917] [json_assembler.cpp:36] No DDR data, don't export deliverable!
2025-04-01 20:23:57 [WARN] [191903] [191923] [json_assembler.cpp:36] No HCCS data, don't export deliverable!
2025-04-01 20:23:57 [INFO] [191903] [191924] [json_assembler.cpp:24] Begin to Assemble NPU MEM data
2025-04-01 20:23:57 [INFO] [191903] [191917] [json_assembler.cpp:24] Begin to Assemble Overlap Analysis data
2025-04-01 20:23:57 [INFO] [191903] [191920] [json_assembler.cpp:32] Assemble Api data success, begin to export
2025-04-01 20:23:57 [INFO] [191903] [191921] [json_assembler.cpp:24] Begin to Assemble MsprofTx data
2025-04-01 20:23:57 [INFO] [191903] [191926] [json_assembler.cpp:32] Assemble Task Scheduler data success, begin to export
2025-04-01 20:23:57 [INFO] [191903] [191919] [json_assembler.cpp:24] Begin to Assemble CPU Usage data
2025-04-01 20:23:57 [WARN] [191903] [191924] [npu_mem_assembler.cpp:66] Can't get npuMemData from dataInventory
2025-04-01 20:23:57 [INFO] [191903] [191919] [host_usage_assembler.cpp:108] Begin to assemble CPU Usage data.
2025-04-01 20:23:57 [WARN] [191903] [191922] [host_usage_assembler.cpp:35] Can't get host network data from dataInventory.
2025-04-01 20:23:57 [WARN] [191903] [191921] [msprof_tx_assembler.cpp:115] Can't get msprof_host_tx data from dataInventory
2025-04-01 20:23:57 [WARN] [191903] [191922] [json_assembler.cpp:36] No Network Usage data, don't export deliverable!
2025-04-01 20:23:57 [WARN] [191903] [191917] [overlap_analysis_assembler.cpp:393] No comm task data found
2025-04-01 20:23:57 [WARN] [191903] [191924] [json_assembler.cpp:36] No NPU MEM data, don't export deliverable!
2025-04-01 20:23:57 [INFO] [191903] [191923] [json_assembler.cpp:24] Begin to Assemble PCIe data
2025-04-01 20:23:57 [WARN] [191903] [191921] [json_assembler.cpp:36] No MsprofTx data, don't export deliverable!
2025-04-01 20:23:57 [INFO] [191903] [191923] [pcie_assembler.cpp:70] Begin to assemble PCIe data.
2025-04-01 20:23:57 [INFO] [191903] [191922] [json_assembler.cpp:24] Begin to Assemble Stars Soc Info data
2025-04-01 20:23:57 [INFO] [191903] [191921] [json_assembler.cpp:24] Begin to Assemble AI Core Freq data
2025-04-01 20:23:57 [WARN] [191903] [191922] [stars_soc_assembler.cpp:53] Can't get socBandwidthData from dataInventory
2025-04-01 20:23:57 [INFO] [191903] [191921] [aicore_freq_assembler.cpp:43] Begin to assemble AI Core Freq data.
2025-04-01 20:23:57 [WARN] [191903] [191925] [host_usage_assembler.cpp:53] Can't get host disk data from dataInventory.
2025-04-01 20:23:57 [WARN] [191903] [191918] [host_usage_assembler.cpp:71] Can't get host memory data from dataInventory
2025-04-01 20:23:57 [WARN] [191903] [191925] [json_assembler.cpp:36] No Disk Usage data, don't export deliverable!
2025-04-01 20:23:57 [WARN] [191903] [191918] [json_assembler.cpp:36] No Memory Usage data, don't export deliverable!
2025-04-01 20:23:57 [INFO] [191903] [191926] [json_assembler.cpp:24] Begin to Assemble LLC data
2025-04-01 20:23:57 [WARN] [191903] [191917] [overlap_analysis_assembler.cpp:397] No kfc op data found
2025-04-01 20:23:57 [WARN] [191903] [191926] [llc_assembler.cpp:71] Can't get LLcData from dataInventory
2025-04-01 20:23:57 [WARN] [191903] [191917] [overlap_analysis_assembler.cpp:401] No kfc comm info found
2025-04-01 20:23:57 [WARN] [191903] [191923] [pcie_assembler.cpp:73] Can't get PCIe Data from dataInventory
2025-04-01 20:23:57 [INFO] [191903] [191920] [json_assembler.cpp:24] Begin to Assemble SIO data
2025-04-01 20:23:57 [WARN] [191903] [191919] [host_usage_assembler.cpp:89] Can't get host cpu data from dataInventory
2025-04-01 20:23:57 [WARN] [191903] [191920] [sio_assembler.cpp:70] Can't get sioData from dataInventory
2025-04-01 20:23:57 [INFO] [191903] [191918] [json_assembler.cpp:24] Begin to Assemble RoCE data
2025-04-01 20:23:57 [WARN] [191903] [191920] [json_assembler.cpp:36] No SIO data, don't export deliverable!
2025-04-01 20:23:57 [WARN] [191903] [191922] [json_assembler.cpp:36] No Stars Soc Info data, don't export deliverable!
2025-04-01 20:23:57 [WARN] [191903] [191926] [json_assembler.cpp:36] No LLC data, don't export deliverable!
2025-04-01 20:23:57 [INFO] [191903] [191917] [time_logger.h:28] sort and union all comp task in overlap analysis for device 0 start
2025-04-01 20:23:57 [WARN] [191903] [191923] [json_assembler.cpp:36] No PCIe data, don't export deliverable!
2025-04-01 20:23:57 [INFO] [191903] [191925] [json_assembler.cpp:24] Begin to Assemble NIC data
2025-04-01 20:23:57 [WARN] [191903] [191919] [json_assembler.cpp:36] No CPU Usage data, don't export deliverable!
2025-04-01 20:23:57 [WARN] [191903] [191925] [sys_io_assembler.cpp:79] Can't get SysIOReceiveSendData from dataInventory
2025-04-01 20:23:57 [WARN] [191903] [191918] [sys_io_assembler.cpp:88] Can't get SysIOReceiveSendData from dataInventory
2025-04-01 20:23:57 [WARN] [191903] [191925] [json_assembler.cpp:36] No NIC data, don't export deliverable!
2025-04-01 20:23:57 [WARN] [191903] [191918] [json_assembler.cpp:36] No RoCE data, don't export deliverable!
2025-04-01 20:23:57 [INFO] [191903] [191922] [json_assembler.cpp:24] Begin to Assemble MsprofTx data
2025-04-01 20:23:57 [INFO] [191903] [191917] [time_logger.h:35] sort and union all comp task in overlap analysis for device 0 end, cost time = 0 ms
2025-04-01 20:23:57 [WARN] [191903] [191922] [device_tx_assembler.cpp:74] Can't get device_tx data from dataInventory
2025-04-01 20:23:57 [INFO] [191903] [191920] [json_assembler.cpp:24] Begin to Assemble QoS data
2025-04-01 20:23:57 [WARN] [191903] [191922] [json_assembler.cpp:36] No MsprofTx data, don't export deliverable!
2025-04-01 20:23:57 [INFO] [191903] [191924] [json_assembler.cpp:24] Begin to Assemble Step Trace data
2025-04-01 20:23:57 [INFO] [191903] [191921] [aicore_freq_assembler.cpp:61] Assemble AI Core Freq data success.
2025-04-01 20:23:57 [WARN] [191903] [191920] [qos_assembler.cpp:62] Can't get qosData from dataInventory
2025-04-01 20:23:57 [INFO] [191903] [191921] [json_assembler.cpp:32] Assemble AI Core Freq data success, begin to export
2025-04-01 20:23:57 [WARN] [191903] [191924] [step_trace_assembler.cpp:254] Can't get step trace data from dataInventory
2025-04-01 20:23:57 [WARN] [191903] [191920] [json_assembler.cpp:36] No QoS data, don't export deliverable!
2025-04-01 20:23:57 [WARN] [191903] [191924] [json_assembler.cpp:36] No Step Trace data, don't export deliverable!
2025-04-01 20:23:57 [INFO] [191903] [191917] [time_logger.h:28] Generate comp events start
2025-04-01 20:23:57 [INFO] [191903] [191917] [time_logger.h:35] Generate comp events end, cost time = 0 ms
2025-04-01 20:23:57 [INFO] [191903] [191917] [time_logger.h:28] Generate comm events start
2025-04-01 20:23:57 [WARN] [191903] [191917] [overlap_analysis_assembler.cpp:75] No comm sections found for generate comm events.
2025-04-01 20:23:57 [INFO] [191903] [191917] [time_logger.h:35] Generate comm events end, cost time = 0 ms
2025-04-01 20:23:57 [INFO] [191903] [191917] [time_logger.h:28] Generate comm not overlap comp events start
2025-04-01 20:23:57 [WARN] [191903] [191917] [overlap_analysis_assembler.cpp:95] No comm sections found for generate comm not overlap comp events.
2025-04-01 20:23:57 [INFO] [191903] [191917] [time_logger.h:35] Generate comm not overlap comp events end, cost time = 0 ms
2025-04-01 20:23:57 [INFO] [191903] [191917] [time_logger.h:28] Generate free events start
2025-04-01 20:23:57 [INFO] [191903] [191917] [time_logger.h:35] Generate free events end, cost time = 0 ms
2025-04-01 20:23:57 [INFO] [191903] [191917] [time_logger.h:28] Dump overlap analysis events start
2025-04-01 20:23:57 [INFO] [191903] [191917] [time_logger.h:35] Dump overlap analysis events end, cost time = 0 ms
2025-04-01 20:23:57 [INFO] [191903] [191917] [json_assembler.cpp:32] Assemble Overlap Analysis data success, begin to export
